[      76ms] [INFO] %cDownload the React DevTools for a better development experience: https://reactjs.org/link/react-devtools font-weight:bold @ http://localhost:5173/node_modules/.vite/deps/chunk-NGODP64W.js?v=70c78d63:21550
[     496ms] [ERROR] Warning: Encountered two children with the same key, `%s`. Keys should be unique so that components maintain their identity across updates. Non-unique keys may cause children to be duplicated and/or omitted — the behavior is unsupported and could change in a future version.%s Other 
    at svg
    at div
    at div
    at CompactDonutBreakdown (http://localhost:5173/src/components/charts/CompactDonutBreakdown.jsx:60:3)
    at div
    at div
    at section
    at DashboardPage (http://localhost:5173/src/pages/DashboardPage.jsx?t=1775301320521:25:41)
    at main
    at div
    at App (http://localhost:5173/src/App.jsx?t=1775301320521:52:27) @ http://localhost:5173/node_modules/.vite/deps/chunk-NGODP64W.js?v=70c78d63:520
[     496ms] [ERROR] Warning: Encountered two children with the same key, `%s`. Keys should be unique so that components maintain their identity across updates. Non-unique keys may cause children to be duplicated and/or omitted — the behavior is unsupported and could change in a future version.%s Other 
    at div
    at div
    at CompactDonutBreakdown (http://localhost:5173/src/components/charts/CompactDonutBreakdown.jsx:60:3)
    at div
    at div
    at section
    at DashboardPage (http://localhost:5173/src/pages/DashboardPage.jsx?t=1775301320521:25:41)
    at main
    at div
    at App (http://localhost:5173/src/App.jsx?t=1775301320521:52:27) @ http://localhost:5173/node_modules/.vite/deps/chunk-NGODP64W.js?v=70c78d63:520
[     504ms] RangeError: Maximum call stack size exceeded
    at http://localhost:5173/src/components/charts/TreemapBreakdown.jsx?t=1775301320521:45:30
    at Array.reduce (<anonymous>)
    at splitBalanced (http://localhost:5173/src/components/charts/TreemapBreakdown.jsx?t=1775301320521:45:23)
    at layoutTreemap (http://localhost:5173/src/components/charts/TreemapBreakdown.jsx?t=1775301320521:60:37)
    at layoutTreemap (http://localhost:5173/src/components/charts/TreemapBreakdown.jsx?t=1775301320521:66:10)
    at layoutTreemap (http://localhost:5173/src/components/charts/TreemapBreakdown.jsx?t=1775301320521:66:10)
    at layoutTreemap (http://localhost:5173/src/components/charts/TreemapBreakdown.jsx?t=1775301320521:66:10)
    at layoutTreemap (http://localhost:5173/src/components/charts/TreemapBreakdown.jsx?t=1775301320521:66:10)
    at layoutTreemap (http://localhost:5173/src/components/charts/TreemapBreakdown.jsx?t=1775301320521:66:10)
    at layoutTreemap (http://localhost:5173/src/components/charts/TreemapBreakdown.jsx?t=1775301320521:66:10)
[     507ms] [ERROR] Warning: Encountered two children with the same key, `%s`. Keys should be unique so that components maintain their identity across updates. Non-unique keys may cause children to be duplicated and/or omitted — the behavior is unsupported and could change in a future version.%s Other 
    at svg
    at div
    at div
    at CompactDonutBreakdown (http://localhost:5173/src/components/charts/CompactDonutBreakdown.jsx:60:3)
    at div
    at div
    at section
    at DashboardPage (http://localhost:5173/src/pages/DashboardPage.jsx?t=1775301320521:25:41)
    at main
    at div
    at App (http://localhost:5173/src/App.jsx?t=1775301320521:52:27) @ http://localhost:5173/node_modules/.vite/deps/chunk-NGODP64W.js?v=70c78d63:520
[     507ms] [ERROR] Warning: Encountered two children with the same key, `%s`. Keys should be unique so that components maintain their identity across updates. Non-unique keys may cause children to be duplicated and/or omitted — the behavior is unsupported and could change in a future version.%s Other 
    at div
    at div
    at CompactDonutBreakdown (http://localhost:5173/src/components/charts/CompactDonutBreakdown.jsx:60:3)
    at div
    at div
    at section
    at DashboardPage (http://localhost:5173/src/pages/DashboardPage.jsx?t=1775301320521:25:41)
    at main
    at div
    at App (http://localhost:5173/src/App.jsx?t=1775301320521:52:27) @ http://localhost:5173/node_modules/.vite/deps/chunk-NGODP64W.js?v=70c78d63:520
[     522ms] RangeError: Maximum call stack size exceeded
    at http://localhost:5173/src/components/charts/TreemapBreakdown.jsx?t=1775301320521:45:30
    at Array.reduce (<anonymous>)
    at splitBalanced (http://localhost:5173/src/components/charts/TreemapBreakdown.jsx?t=1775301320521:45:23)
    at layoutTreemap (http://localhost:5173/src/components/charts/TreemapBreakdown.jsx?t=1775301320521:60:37)
    at layoutTreemap (http://localhost:5173/src/components/charts/TreemapBreakdown.jsx?t=1775301320521:66:10)
    at layoutTreemap (http://localhost:5173/src/components/charts/TreemapBreakdown.jsx?t=1775301320521:66:10)
    at layoutTreemap (http://localhost:5173/src/components/charts/TreemapBreakdown.jsx?t=1775301320521:66:10)
    at layoutTreemap (http://localhost:5173/src/components/charts/TreemapBreakdown.jsx?t=1775301320521:66:10)
    at layoutTreemap (http://localhost:5173/src/components/charts/TreemapBreakdown.jsx?t=1775301320521:66:10)
    at layoutTreemap (http://localhost:5173/src/components/charts/TreemapBreakdown.jsx?t=1775301320521:66:10)
[     523ms] [ERROR] The above error occurred in the <TreemapBreakdown> component:

    at TreemapBreakdown (http://localhost:5173/src/components/charts/TreemapBreakdown.jsx?t=1775301320521:76:44)
    at div
    at div
    at section
    at DashboardPage (http://localhost:5173/src/pages/DashboardPage.jsx?t=1775301320521:25:41)
    at main
    at div
    at App (http://localhost:5173/src/App.jsx?t=1775301320521:52:27)

Consider adding an error boundary to your tree to customize error handling behavior.
Visit https://reactjs.org/link/error-boundaries to learn more about error boundaries. @ http://localhost:5173/node_modules/.vite/deps/chunk-NGODP64W.js?v=70c78d63:14031
[     524ms] RangeError: Maximum call stack size exceeded
    at http://localhost:5173/src/components/charts/TreemapBreakdown.jsx?t=1775301320521:58:30
    at Array.reduce (<anonymous>)
    at layoutTreemap (http://localhost:5173/src/components/charts/TreemapBreakdown.jsx?t=1775301320521:58:23)
    at layoutTreemap (http://localhost:5173/src/components/charts/TreemapBreakdown.jsx?t=1775301320521:66:10)
    at layoutTreemap (http://localhost:5173/src/components/charts/TreemapBreakdown.jsx?t=1775301320521:66:10)
    at layoutTreemap (http://localhost:5173/src/components/charts/TreemapBreakdown.jsx?t=1775301320521:66:10)
    at layoutTreemap (http://localhost:5173/src/components/charts/TreemapBreakdown.jsx?t=1775301320521:66:10)
    at layoutTreemap (http://localhost:5173/src/components/charts/TreemapBreakdown.jsx?t=1775301320521:66:10)
    at layoutTreemap (http://localhost:5173/src/components/charts/TreemapBreakdown.jsx?t=1775301320521:66:10)
    at layoutTreemap (http://localhost:5173/src/components/charts/TreemapBreakdown.jsx?t=1775301320521:66:10)
[   13654ms] [LOG] [vite] server connection lost. Polling for restart... @ http://localhost:5173/@vite/client:559
[   13657ms] [ERROR] Failed to load resource: net::ERR_CONNECTION_REFUSED @ http://localhost:5173/:0
[   14661ms] [ERROR] Failed to load resource: net::ERR_CONNECTION_REFUSED @ http://localhost:5173/:0
[   15665ms] [ERROR] Failed to load resource: net::ERR_CONNECTION_REFUSED @ http://localhost:5173/:0
[   16669ms] [ERROR] Failed to load resource: net::ERR_CONNECTION_REFUSED @ http://localhost:5173/:0
[   17673ms] [ERROR] Failed to load resource: net::ERR_CONNECTION_REFUSED @ http://localhost:5173/:0
[   18676ms] [ERROR] Failed to load resource: net::ERR_CONNECTION_REFUSED @ http://localhost:5173/:0
[   19678ms] [ERROR] Failed to load resource: net::ERR_CONNECTION_REFUSED @ http://localhost:5173/:0
[   20682ms] [ERROR] Failed to load resource: net::ERR_CONNECTION_REFUSED @ http://localhost:5173/:0
[   21686ms] [ERROR] Failed to load resource: net::ERR_CONNECTION_REFUSED @ http://localhost:5173/:0
[   22690ms] [ERROR] Failed to load resource: net::ERR_CONNECTION_REFUSED @ http://localhost:5173/:0
[   23694ms] [ERROR] Failed to load resource: net::ERR_CONNECTION_REFUSED @ http://localhost:5173/:0
[   25370ms] [INFO] %cDownload the React DevTools for a better development experience: https://reactjs.org/link/react-devtools font-weight:bold @ http://localhost:5173/node_modules/.vite/deps/chunk-NGODP64W.js?v=70c78d63:21550
[   25777ms] [ERROR] Warning: Encountered two children with the same key, `%s`. Keys should be unique so that components maintain their identity across updates. Non-unique keys may cause children to be duplicated and/or omitted — the behavior is unsupported and could change in a future version.%s Other 
    at svg
    at div
    at div
    at CompactDonutBreakdown (http://localhost:5173/src/components/charts/CompactDonutBreakdown.jsx:60:3)
    at div
    at div
    at section
    at DashboardPage (http://localhost:5173/src/pages/DashboardPage.jsx:25:41)
    at main
    at div
    at App (http://localhost:5173/src/App.jsx:52:27) @ http://localhost:5173/node_modules/.vite/deps/chunk-NGODP64W.js?v=70c78d63:520
[   25778ms] [ERROR] Warning: Encountered two children with the same key, `%s`. Keys should be unique so that components maintain their identity across updates. Non-unique keys may cause children to be duplicated and/or omitted — the behavior is unsupported and could change in a future version.%s Other 
    at div
    at div
    at CompactDonutBreakdown (http://localhost:5173/src/components/charts/CompactDonutBreakdown.jsx:60:3)
    at div
    at div
    at section
    at DashboardPage (http://localhost:5173/src/pages/DashboardPage.jsx:25:41)
    at main
    at div
    at App (http://localhost:5173/src/App.jsx:52:27) @ http://localhost:5173/node_modules/.vite/deps/chunk-NGODP64W.js?v=70c78d63:520
[   25785ms] RangeError: Maximum call stack size exceeded
    at http://localhost:5173/src/components/charts/TreemapBreakdown.jsx:45:30
    at Array.reduce (<anonymous>)
    at splitBalanced (http://localhost:5173/src/components/charts/TreemapBreakdown.jsx:45:23)
    at layoutTreemap (http://localhost:5173/src/components/charts/TreemapBreakdown.jsx:60:37)
    at layoutTreemap (http://localhost:5173/src/components/charts/TreemapBreakdown.jsx:66:10)
    at layoutTreemap (http://localhost:5173/src/components/charts/TreemapBreakdown.jsx:66:10)
    at layoutTreemap (http://localhost:5173/src/components/charts/TreemapBreakdown.jsx:66:10)
    at layoutTreemap (http://localhost:5173/src/components/charts/TreemapBreakdown.jsx:66:10)
    at layoutTreemap (http://localhost:5173/src/components/charts/TreemapBreakdown.jsx:66:10)
    at layoutTreemap (http://localhost:5173/src/components/charts/TreemapBreakdown.jsx:66:10)
[   25788ms] [ERROR] Warning: Encountered two children with the same key, `%s`. Keys should be unique so that components maintain their identity across updates. Non-unique keys may cause children to be duplicated and/or omitted — the behavior is unsupported and could change in a future version.%s Other 
    at svg
    at div
    at div
    at CompactDonutBreakdown (http://localhost:5173/src/components/charts/CompactDonutBreakdown.jsx:60:3)
    at div
    at div
    at section
    at DashboardPage (http://localhost:5173/src/pages/DashboardPage.jsx:25:41)
    at main
    at div
    at App (http://localhost:5173/src/App.jsx:52:27) @ http://localhost:5173/node_modules/.vite/deps/chunk-NGODP64W.js?v=70c78d63:520
[   25789ms] [ERROR] Warning: Encountered two children with the same key, `%s`. Keys should be unique so that components maintain their identity across updates. Non-unique keys may cause children to be duplicated and/or omitted — the behavior is unsupported and could change in a future version.%s Other 
    at div
    at div
    at CompactDonutBreakdown (http://localhost:5173/src/components/charts/CompactDonutBreakdown.jsx:60:3)
    at div
    at div
    at section
    at DashboardPage (http://localhost:5173/src/pages/DashboardPage.jsx:25:41)
    at main
    at div
    at App (http://localhost:5173/src/App.jsx:52:27) @ http://localhost:5173/node_modules/.vite/deps/chunk-NGODP64W.js?v=70c78d63:520
[   25803ms] RangeError: Maximum call stack size exceeded
    at http://localhost:5173/src/components/charts/TreemapBreakdown.jsx:45:30
    at Array.reduce (<anonymous>)
    at splitBalanced (http://localhost:5173/src/components/charts/TreemapBreakdown.jsx:45:23)
    at layoutTreemap (http://localhost:5173/src/components/charts/TreemapBreakdown.jsx:60:37)
    at layoutTreemap (http://localhost:5173/src/components/charts/TreemapBreakdown.jsx:66:10)
    at layoutTreemap (http://localhost:5173/src/components/charts/TreemapBreakdown.jsx:66:10)
    at layoutTreemap (http://localhost:5173/src/components/charts/TreemapBreakdown.jsx:66:10)
    at layoutTreemap (http://localhost:5173/src/components/charts/TreemapBreakdown.jsx:66:10)
    at layoutTreemap (http://localhost:5173/src/components/charts/TreemapBreakdown.jsx:66:10)
    at layoutTreemap (http://localhost:5173/src/components/charts/TreemapBreakdown.jsx:66:10)
[   25803ms] [ERROR] The above error occurred in the <TreemapBreakdown> component:

    at TreemapBreakdown (http://localhost:5173/src/components/charts/TreemapBreakdown.jsx:76:44)
    at div
    at div
    at section
    at DashboardPage (http://localhost:5173/src/pages/DashboardPage.jsx:25:41)
    at main
    at div
    at App (http://localhost:5173/src/App.jsx:52:27)

Consider adding an error boundary to your tree to customize error handling behavior.
Visit https://reactjs.org/link/error-boundaries to learn more about error boundaries. @ http://localhost:5173/node_modules/.vite/deps/chunk-NGODP64W.js?v=70c78d63:14031
[   25806ms] RangeError: Maximum call stack size exceeded
    at http://localhost:5173/src/components/charts/TreemapBreakdown.jsx:45:30
    at Array.reduce (<anonymous>)
    at splitBalanced (http://localhost:5173/src/components/charts/TreemapBreakdown.jsx:45:23)
    at layoutTreemap (http://localhost:5173/src/components/charts/TreemapBreakdown.jsx:60:37)
    at layoutTreemap (http://localhost:5173/src/components/charts/TreemapBreakdown.jsx:66:10)
    at layoutTreemap (http://localhost:5173/src/components/charts/TreemapBreakdown.jsx:66:10)
    at layoutTreemap (http://localhost:5173/src/components/charts/TreemapBreakdown.jsx:66:10)
    at layoutTreemap (http://localhost:5173/src/components/charts/TreemapBreakdown.jsx:66:10)
    at layoutTreemap (http://localhost:5173/src/components/charts/TreemapBreakdown.jsx:66:10)
    at layoutTreemap (http://localhost:5173/src/components/charts/TreemapBreakdown.jsx:66:10)
