[      89ms] [INFO] %cDownload the React DevTools for a better development experience: https://reactjs.org/link/react-devtools font-weight:bold @ http://localhost:5173/node_modules/.vite/deps/chunk-NGODP64W.js?v=70c78d63:21550
[     297ms] [ERROR] Warning: Encountered two children with the same key, `%s`. Keys should be unique so that components maintain their identity across updates. Non-unique keys may cause children to be duplicated and/or omitted — the behavior is unsupported and could change in a future version.%s Other 
    at svg
    at div
    at div
    at CompactDonutBreakdown (http://localhost:5173/src/components/charts/CompactDonutBreakdown.jsx:60:3)
    at div
    at div
    at section
    at DashboardPage (http://localhost:5173/src/pages/DashboardPage.jsx:25:41)
    at main
    at div
    at App (http://localhost:5173/src/App.jsx:52:27) @ http://localhost:5173/node_modules/.vite/deps/chunk-NGODP64W.js?v=70c78d63:520
[     297ms] [ERROR] Warning: Encountered two children with the same key, `%s`. Keys should be unique so that components maintain their identity across updates. Non-unique keys may cause children to be duplicated and/or omitted — the behavior is unsupported and could change in a future version.%s Other 
    at div
    at div
    at CompactDonutBreakdown (http://localhost:5173/src/components/charts/CompactDonutBreakdown.jsx:60:3)
    at div
    at div
    at section
    at DashboardPage (http://localhost:5173/src/pages/DashboardPage.jsx:25:41)
    at main
    at div
    at App (http://localhost:5173/src/App.jsx:52:27) @ http://localhost:5173/node_modules/.vite/deps/chunk-NGODP64W.js?v=70c78d63:520
[     306ms] RangeError: Maximum call stack size exceeded
    at http://localhost:5173/src/components/charts/TreemapBreakdown.jsx:45:30
    at Array.reduce (<anonymous>)
    at splitBalanced (http://localhost:5173/src/components/charts/TreemapBreakdown.jsx:45:23)
    at layoutTreemap (http://localhost:5173/src/components/charts/TreemapBreakdown.jsx:60:37)
    at layoutTreemap (http://localhost:5173/src/components/charts/TreemapBreakdown.jsx:66:10)
    at layoutTreemap (http://localhost:5173/src/components/charts/TreemapBreakdown.jsx:66:10)
    at layoutTreemap (http://localhost:5173/src/components/charts/TreemapBreakdown.jsx:66:10)
    at layoutTreemap (http://localhost:5173/src/components/charts/TreemapBreakdown.jsx:66:10)
    at layoutTreemap (http://localhost:5173/src/components/charts/TreemapBreakdown.jsx:66:10)
    at layoutTreemap (http://localhost:5173/src/components/charts/TreemapBreakdown.jsx:66:10)
[     308ms] [ERROR] Warning: Encountered two children with the same key, `%s`. Keys should be unique so that components maintain their identity across updates. Non-unique keys may cause children to be duplicated and/or omitted — the behavior is unsupported and could change in a future version.%s Other 
    at svg
    at div
    at div
    at CompactDonutBreakdown (http://localhost:5173/src/components/charts/CompactDonutBreakdown.jsx:60:3)
    at div
    at div
    at section
    at DashboardPage (http://localhost:5173/src/pages/DashboardPage.jsx:25:41)
    at main
    at div
    at App (http://localhost:5173/src/App.jsx:52:27) @ http://localhost:5173/node_modules/.vite/deps/chunk-NGODP64W.js?v=70c78d63:520
[     309ms] [ERROR] Warning: Encountered two children with the same key, `%s`. Keys should be unique so that components maintain their identity across updates. Non-unique keys may cause children to be duplicated and/or omitted — the behavior is unsupported and could change in a future version.%s Other 
    at div
    at div
    at CompactDonutBreakdown (http://localhost:5173/src/components/charts/CompactDonutBreakdown.jsx:60:3)
    at div
    at div
    at section
    at DashboardPage (http://localhost:5173/src/pages/DashboardPage.jsx:25:41)
    at main
    at div
    at App (http://localhost:5173/src/App.jsx:52:27) @ http://localhost:5173/node_modules/.vite/deps/chunk-NGODP64W.js?v=70c78d63:520
[     323ms] RangeError: Maximum call stack size exceeded
    at http://localhost:5173/src/components/charts/TreemapBreakdown.jsx:45:30
    at Array.reduce (<anonymous>)
    at splitBalanced (http://localhost:5173/src/components/charts/TreemapBreakdown.jsx:45:23)
    at layoutTreemap (http://localhost:5173/src/components/charts/TreemapBreakdown.jsx:60:37)
    at layoutTreemap (http://localhost:5173/src/components/charts/TreemapBreakdown.jsx:66:10)
    at layoutTreemap (http://localhost:5173/src/components/charts/TreemapBreakdown.jsx:66:10)
    at layoutTreemap (http://localhost:5173/src/components/charts/TreemapBreakdown.jsx:66:10)
    at layoutTreemap (http://localhost:5173/src/components/charts/TreemapBreakdown.jsx:66:10)
    at layoutTreemap (http://localhost:5173/src/components/charts/TreemapBreakdown.jsx:66:10)
    at layoutTreemap (http://localhost:5173/src/components/charts/TreemapBreakdown.jsx:66:10)
[     324ms] [ERROR] The above error occurred in the <TreemapBreakdown> component:

    at TreemapBreakdown (http://localhost:5173/src/components/charts/TreemapBreakdown.jsx:76:44)
    at div
    at div
    at section
    at DashboardPage (http://localhost:5173/src/pages/DashboardPage.jsx:25:41)
    at main
    at div
    at App (http://localhost:5173/src/App.jsx:52:27)

Consider adding an error boundary to your tree to customize error handling behavior.
Visit https://reactjs.org/link/error-boundaries to learn more about error boundaries. @ http://localhost:5173/node_modules/.vite/deps/chunk-NGODP64W.js?v=70c78d63:14031
[     324ms] RangeError: Maximum call stack size exceeded
    at http://localhost:5173/src/components/charts/TreemapBreakdown.jsx:58:30
    at Array.reduce (<anonymous>)
    at layoutTreemap (http://localhost:5173/src/components/charts/TreemapBreakdown.jsx:58:23)
    at layoutTreemap (http://localhost:5173/src/components/charts/TreemapBreakdown.jsx:66:10)
    at layoutTreemap (http://localhost:5173/src/components/charts/TreemapBreakdown.jsx:66:10)
    at layoutTreemap (http://localhost:5173/src/components/charts/TreemapBreakdown.jsx:66:10)
    at layoutTreemap (http://localhost:5173/src/components/charts/TreemapBreakdown.jsx:66:10)
    at layoutTreemap (http://localhost:5173/src/components/charts/TreemapBreakdown.jsx:66:10)
    at layoutTreemap (http://localhost:5173/src/components/charts/TreemapBreakdown.jsx:66:10)
    at layoutTreemap (http://localhost:5173/src/components/charts/TreemapBreakdown.jsx:66:10)
