[      57ms] [INFO] %cDownload the React DevTools for a better development experience: https://reactjs.org/link/react-devtools font-weight:bold @ http://localhost:5173/node_modules/.vite/deps/chunk-NGODP64W.js?v=91f231ea:21550
[    1223ms] [ERROR] Warning: Encountered two children with the same key, `%s`. Keys should be unique so that components maintain their identity across updates. Non-unique keys may cause children to be duplicated and/or omitted — the behavior is unsupported and could change in a future version.%s Other 
    at svg
    at div
    at div
    at CompactDonutBreakdown (http://localhost:5173/src/components/charts/CompactDonutBreakdown.jsx:60:3)
    at div
    at div
    at section
    at DashboardPage (http://localhost:5173/src/pages/DashboardPage.jsx?t=1775301574968:25:41)
    at main
    at div
    at App (http://localhost:5173/src/App.jsx?t=1775305234175:52:27) @ http://localhost:5173/node_modules/.vite/deps/chunk-NGODP64W.js?v=91f231ea:520
[    1223ms] [ERROR] Warning: Encountered two children with the same key, `%s`. Keys should be unique so that components maintain their identity across updates. Non-unique keys may cause children to be duplicated and/or omitted — the behavior is unsupported and could change in a future version.%s Other 
    at div
    at div
    at CompactDonutBreakdown (http://localhost:5173/src/components/charts/CompactDonutBreakdown.jsx:60:3)
    at div
    at div
    at section
    at DashboardPage (http://localhost:5173/src/pages/DashboardPage.jsx?t=1775301574968:25:41)
    at main
    at div
    at App (http://localhost:5173/src/App.jsx?t=1775305234175:52:27) @ http://localhost:5173/node_modules/.vite/deps/chunk-NGODP64W.js?v=91f231ea:520
[    1224ms] [ERROR] Warning: Encountered two children with the same key, `%s`. Keys should be unique so that components maintain their identity across updates. Non-unique keys may cause children to be duplicated and/or omitted — the behavior is unsupported and could change in a future version.%s Other 
    at svg
    at div
    at TreemapBreakdown (http://localhost:5173/src/components/charts/TreemapBreakdown.jsx?t=1775301574968:85:44)
    at div
    at div
    at section
    at DashboardPage (http://localhost:5173/src/pages/DashboardPage.jsx?t=1775301574968:25:41)
    at main
    at div
    at App (http://localhost:5173/src/App.jsx?t=1775305234175:52:27) @ http://localhost:5173/node_modules/.vite/deps/chunk-NGODP64W.js?v=91f231ea:520
[    1348ms] [ERROR] Warning: Encountered two children with the same key, `%s`. Keys should be unique so that components maintain their identity across updates. Non-unique keys may cause children to be duplicated and/or omitted — the behavior is unsupported and could change in a future version.%s Other 
    at svg
    at div
    at div
    at CompactDonutBreakdown (http://localhost:5173/src/components/charts/CompactDonutBreakdown.jsx:60:3)
    at div
    at div
    at section
    at DashboardPage (http://localhost:5173/src/pages/DashboardPage.jsx?t=1775301574968:25:41)
    at main
    at div
    at App (http://localhost:5173/src/App.jsx?t=1775305234175:52:27) @ http://localhost:5173/node_modules/.vite/deps/chunk-NGODP64W.js?v=91f231ea:520
[    1348ms] [ERROR] Warning: Encountered two children with the same key, `%s`. Keys should be unique so that components maintain their identity across updates. Non-unique keys may cause children to be duplicated and/or omitted — the behavior is unsupported and could change in a future version.%s Other 
    at div
    at div
    at CompactDonutBreakdown (http://localhost:5173/src/components/charts/CompactDonutBreakdown.jsx:60:3)
    at div
    at div
    at section
    at DashboardPage (http://localhost:5173/src/pages/DashboardPage.jsx?t=1775301574968:25:41)
    at main
    at div
    at App (http://localhost:5173/src/App.jsx?t=1775305234175:52:27) @ http://localhost:5173/node_modules/.vite/deps/chunk-NGODP64W.js?v=91f231ea:520
[    1349ms] [ERROR] Warning: Encountered two children with the same key, `%s`. Keys should be unique so that components maintain their identity across updates. Non-unique keys may cause children to be duplicated and/or omitted — the behavior is unsupported and could change in a future version.%s Other 
    at svg
    at div
    at TreemapBreakdown (http://localhost:5173/src/components/charts/TreemapBreakdown.jsx?t=1775301574968:85:44)
    at div
    at div
    at section
    at DashboardPage (http://localhost:5173/src/pages/DashboardPage.jsx?t=1775301574968:25:41)
    at main
    at div
    at App (http://localhost:5173/src/App.jsx?t=1775305234175:52:27) @ http://localhost:5173/node_modules/.vite/deps/chunk-NGODP64W.js?v=91f231ea:520
[    1370ms] [ERROR] Warning: Encountered two children with the same key, `%s`. Keys should be unique so that components maintain their identity across updates. Non-unique keys may cause children to be duplicated and/or omitted — the behavior is unsupported and could change in a future version.%s Other 
    at svg
    at div
    at div
    at CompactDonutBreakdown (http://localhost:5173/src/components/charts/CompactDonutBreakdown.jsx:60:3)
    at div
    at div
    at section
    at DashboardPage (http://localhost:5173/src/pages/DashboardPage.jsx?t=1775301574968:25:41)
    at main
    at div
    at App (http://localhost:5173/src/App.jsx?t=1775305234175:52:27) @ http://localhost:5173/node_modules/.vite/deps/chunk-NGODP64W.js?v=91f231ea:520
[    1371ms] [ERROR] Warning: Encountered two children with the same key, `%s`. Keys should be unique so that components maintain their identity across updates. Non-unique keys may cause children to be duplicated and/or omitted — the behavior is unsupported and could change in a future version.%s Other 
    at div
    at div
    at CompactDonutBreakdown (http://localhost:5173/src/components/charts/CompactDonutBreakdown.jsx:60:3)
    at div
    at div
    at section
    at DashboardPage (http://localhost:5173/src/pages/DashboardPage.jsx?t=1775301574968:25:41)
    at main
    at div
    at App (http://localhost:5173/src/App.jsx?t=1775305234175:52:27) @ http://localhost:5173/node_modules/.vite/deps/chunk-NGODP64W.js?v=91f231ea:520
[    1371ms] [ERROR] Warning: Encountered two children with the same key, `%s`. Keys should be unique so that components maintain their identity across updates. Non-unique keys may cause children to be duplicated and/or omitted — the behavior is unsupported and could change in a future version.%s Other 
    at svg
    at div
    at TreemapBreakdown (http://localhost:5173/src/components/charts/TreemapBreakdown.jsx?t=1775301574968:85:44)
    at div
    at div
    at section
    at DashboardPage (http://localhost:5173/src/pages/DashboardPage.jsx?t=1775301574968:25:41)
    at main
    at div
    at App (http://localhost:5173/src/App.jsx?t=1775305234175:52:27) @ http://localhost:5173/node_modules/.vite/deps/chunk-NGODP64W.js?v=91f231ea:520
[   15067ms] [ERROR] Warning: Encountered two children with the same key, `%s`. Keys should be unique so that components maintain their identity across updates. Non-unique keys may cause children to be duplicated and/or omitted — the behavior is unsupported and could change in a future version.%s Other 
    at svg
    at div
    at div
    at CompactDonutBreakdown (http://localhost:5173/src/components/charts/CompactDonutBreakdown.jsx:60:3)
    at div
    at div
    at section
    at DashboardPage (http://localhost:5173/src/pages/DashboardPage.jsx?t=1775301574968:25:41)
    at main
    at div
    at App (http://localhost:5173/src/App.jsx?t=1775305234175:52:27) @ http://localhost:5173/node_modules/.vite/deps/chunk-NGODP64W.js?v=91f231ea:520
[   15068ms] [ERROR] Warning: Encountered two children with the same key, `%s`. Keys should be unique so that components maintain their identity across updates. Non-unique keys may cause children to be duplicated and/or omitted — the behavior is unsupported and could change in a future version.%s Other 
    at div
    at div
    at CompactDonutBreakdown (http://localhost:5173/src/components/charts/CompactDonutBreakdown.jsx:60:3)
    at div
    at div
    at section
    at DashboardPage (http://localhost:5173/src/pages/DashboardPage.jsx?t=1775301574968:25:41)
    at main
    at div
    at App (http://localhost:5173/src/App.jsx?t=1775305234175:52:27) @ http://localhost:5173/node_modules/.vite/deps/chunk-NGODP64W.js?v=91f231ea:520
[   15068ms] [ERROR] Warning: Encountered two children with the same key, `%s`. Keys should be unique so that components maintain their identity across updates. Non-unique keys may cause children to be duplicated and/or omitted — the behavior is unsupported and could change in a future version.%s Other 
    at svg
    at div
    at TreemapBreakdown (http://localhost:5173/src/components/charts/TreemapBreakdown.jsx?t=1775301574968:85:44)
    at div
    at div
    at section
    at DashboardPage (http://localhost:5173/src/pages/DashboardPage.jsx?t=1775301574968:25:41)
    at main
    at div
    at App (http://localhost:5173/src/App.jsx?t=1775305234175:52:27) @ http://localhost:5173/node_modules/.vite/deps/chunk-NGODP64W.js?v=91f231ea:520
[   30067ms] [ERROR] Warning: Encountered two children with the same key, `%s`. Keys should be unique so that components maintain their identity across updates. Non-unique keys may cause children to be duplicated and/or omitted — the behavior is unsupported and could change in a future version.%s Other 
    at svg
    at div
    at div
    at CompactDonutBreakdown (http://localhost:5173/src/components/charts/CompactDonutBreakdown.jsx:60:3)
    at div
    at div
    at section
    at DashboardPage (http://localhost:5173/src/pages/DashboardPage.jsx?t=1775301574968:25:41)
    at main
    at div
    at App (http://localhost:5173/src/App.jsx?t=1775305234175:52:27) @ http://localhost:5173/node_modules/.vite/deps/chunk-NGODP64W.js?v=91f231ea:520
[   30067ms] [ERROR] Warning: Encountered two children with the same key, `%s`. Keys should be unique so that components maintain their identity across updates. Non-unique keys may cause children to be duplicated and/or omitted — the behavior is unsupported and could change in a future version.%s Other 
    at div
    at div
    at CompactDonutBreakdown (http://localhost:5173/src/components/charts/CompactDonutBreakdown.jsx:60:3)
    at div
    at div
    at section
    at DashboardPage (http://localhost:5173/src/pages/DashboardPage.jsx?t=1775301574968:25:41)
    at main
    at div
    at App (http://localhost:5173/src/App.jsx?t=1775305234175:52:27) @ http://localhost:5173/node_modules/.vite/deps/chunk-NGODP64W.js?v=91f231ea:520
[   30067ms] [ERROR] Warning: Encountered two children with the same key, `%s`. Keys should be unique so that components maintain their identity across updates. Non-unique keys may cause children to be duplicated and/or omitted — the behavior is unsupported and could change in a future version.%s Other 
    at svg
    at div
    at TreemapBreakdown (http://localhost:5173/src/components/charts/TreemapBreakdown.jsx?t=1775301574968:85:44)
    at div
    at div
    at section
    at DashboardPage (http://localhost:5173/src/pages/DashboardPage.jsx?t=1775301574968:25:41)
    at main
    at div
    at App (http://localhost:5173/src/App.jsx?t=1775305234175:52:27) @ http://localhost:5173/node_modules/.vite/deps/chunk-NGODP64W.js?v=91f231ea:520
[   45067ms] [ERROR] Warning: Encountered two children with the same key, `%s`. Keys should be unique so that components maintain their identity across updates. Non-unique keys may cause children to be duplicated and/or omitted — the behavior is unsupported and could change in a future version.%s Other 
    at svg
    at div
    at div
    at CompactDonutBreakdown (http://localhost:5173/src/components/charts/CompactDonutBreakdown.jsx:60:3)
    at div
    at div
    at section
    at DashboardPage (http://localhost:5173/src/pages/DashboardPage.jsx?t=1775301574968:25:41)
    at main
    at div
    at App (http://localhost:5173/src/App.jsx?t=1775305234175:52:27) @ http://localhost:5173/node_modules/.vite/deps/chunk-NGODP64W.js?v=91f231ea:520
[   45067ms] [ERROR] Warning: Encountered two children with the same key, `%s`. Keys should be unique so that components maintain their identity across updates. Non-unique keys may cause children to be duplicated and/or omitted — the behavior is unsupported and could change in a future version.%s Other 
    at div
    at div
    at CompactDonutBreakdown (http://localhost:5173/src/components/charts/CompactDonutBreakdown.jsx:60:3)
    at div
    at div
    at section
    at DashboardPage (http://localhost:5173/src/pages/DashboardPage.jsx?t=1775301574968:25:41)
    at main
    at div
    at App (http://localhost:5173/src/App.jsx?t=1775305234175:52:27) @ http://localhost:5173/node_modules/.vite/deps/chunk-NGODP64W.js?v=91f231ea:520
[   45068ms] [ERROR] Warning: Encountered two children with the same key, `%s`. Keys should be unique so that components maintain their identity across updates. Non-unique keys may cause children to be duplicated and/or omitted — the behavior is unsupported and could change in a future version.%s Other 
    at svg
    at div
    at TreemapBreakdown (http://localhost:5173/src/components/charts/TreemapBreakdown.jsx?t=1775301574968:85:44)
    at div
    at div
    at section
    at DashboardPage (http://localhost:5173/src/pages/DashboardPage.jsx?t=1775301574968:25:41)
    at main
    at div
    at App (http://localhost:5173/src/App.jsx?t=1775305234175:52:27) @ http://localhost:5173/node_modules/.vite/deps/chunk-NGODP64W.js?v=91f231ea:520
[   53937ms] [ERROR] Warning: Encountered two children with the same key, `%s`. Keys should be unique so that components maintain their identity across updates. Non-unique keys may cause children to be duplicated and/or omitted — the behavior is unsupported and could change in a future version.%s Other 
    at svg
    at div
    at div
    at CompactDonutBreakdown (http://localhost:5173/src/components/charts/CompactDonutBreakdown.jsx:60:3)
    at div
    at div
    at section
    at DashboardPage (http://localhost:5173/src/pages/DashboardPage.jsx?t=1775301574968:25:41)
    at main
    at div
    at App (http://localhost:5173/src/App.jsx?t=1775305467634:52:27) @ http://localhost:5173/node_modules/.vite/deps/chunk-NGODP64W.js?v=91f231ea:520
[   53937ms] [ERROR] Warning: Encountered two children with the same key, `%s`. Keys should be unique so that components maintain their identity across updates. Non-unique keys may cause children to be duplicated and/or omitted — the behavior is unsupported and could change in a future version.%s Other 
    at div
    at div
    at CompactDonutBreakdown (http://localhost:5173/src/components/charts/CompactDonutBreakdown.jsx:60:3)
    at div
    at div
    at section
    at DashboardPage (http://localhost:5173/src/pages/DashboardPage.jsx?t=1775301574968:25:41)
    at main
    at div
    at App (http://localhost:5173/src/App.jsx?t=1775305467634:52:27) @ http://localhost:5173/node_modules/.vite/deps/chunk-NGODP64W.js?v=91f231ea:520
[   53937ms] [ERROR] Warning: Encountered two children with the same key, `%s`. Keys should be unique so that components maintain their identity across updates. Non-unique keys may cause children to be duplicated and/or omitted — the behavior is unsupported and could change in a future version.%s Other 
    at svg
    at div
    at TreemapBreakdown (http://localhost:5173/src/components/charts/TreemapBreakdown.jsx?t=1775301574968:85:44)
    at div
    at div
    at section
    at DashboardPage (http://localhost:5173/src/pages/DashboardPage.jsx?t=1775301574968:25:41)
    at main
    at div
    at App (http://localhost:5173/src/App.jsx?t=1775305467634:52:27) @ http://localhost:5173/node_modules/.vite/deps/chunk-NGODP64W.js?v=91f231ea:520
[   53941ms] [ERROR] Warning: Encountered two children with the same key, `%s`. Keys should be unique so that components maintain their identity across updates. Non-unique keys may cause children to be duplicated and/or omitted — the behavior is unsupported and could change in a future version.%s Other 
    at svg
    at div
    at div
    at CompactDonutBreakdown (http://localhost:5173/src/components/charts/CompactDonutBreakdown.jsx:60:3)
    at div
    at div
    at section
    at DashboardPage (http://localhost:5173/src/pages/DashboardPage.jsx?t=1775301574968:25:41)
    at main
    at div
    at App (http://localhost:5173/src/App.jsx?t=1775305467634:52:27) @ http://localhost:5173/node_modules/.vite/deps/chunk-NGODP64W.js?v=91f231ea:520
[   53941ms] [ERROR] Warning: Encountered two children with the same key, `%s`. Keys should be unique so that components maintain their identity across updates. Non-unique keys may cause children to be duplicated and/or omitted — the behavior is unsupported and could change in a future version.%s Other 
    at div
    at div
    at CompactDonutBreakdown (http://localhost:5173/src/components/charts/CompactDonutBreakdown.jsx:60:3)
    at div
    at div
    at section
    at DashboardPage (http://localhost:5173/src/pages/DashboardPage.jsx?t=1775301574968:25:41)
    at main
    at div
    at App (http://localhost:5173/src/App.jsx?t=1775305467634:52:27) @ http://localhost:5173/node_modules/.vite/deps/chunk-NGODP64W.js?v=91f231ea:520
[   53941ms] [ERROR] Warning: Encountered two children with the same key, `%s`. Keys should be unique so that components maintain their identity across updates. Non-unique keys may cause children to be duplicated and/or omitted — the behavior is unsupported and could change in a future version.%s Other 
    at svg
    at div
    at TreemapBreakdown (http://localhost:5173/src/components/charts/TreemapBreakdown.jsx?t=1775301574968:85:44)
    at div
    at div
    at section
    at DashboardPage (http://localhost:5173/src/pages/DashboardPage.jsx?t=1775301574968:25:41)
    at main
    at div
    at App (http://localhost:5173/src/App.jsx?t=1775305467634:52:27) @ http://localhost:5173/node_modules/.vite/deps/chunk-NGODP64W.js?v=91f231ea:520
[   53943ms] [ERROR] Warning: Encountered two children with the same key, `%s`. Keys should be unique so that components maintain their identity across updates. Non-unique keys may cause children to be duplicated and/or omitted — the behavior is unsupported and could change in a future version.%s Other 
    at svg
    at div
    at div
    at CompactDonutBreakdown (http://localhost:5173/src/components/charts/CompactDonutBreakdown.jsx:60:3)
    at div
    at div
    at section
    at DashboardPage (http://localhost:5173/src/pages/DashboardPage.jsx?t=1775301574968:25:41)
    at main
    at div
    at App (http://localhost:5173/src/App.jsx?t=1775305467634:52:27) @ http://localhost:5173/node_modules/.vite/deps/chunk-NGODP64W.js?v=91f231ea:520
[   53944ms] [ERROR] Warning: Encountered two children with the same key, `%s`. Keys should be unique so that components maintain their identity across updates. Non-unique keys may cause children to be duplicated and/or omitted — the behavior is unsupported and could change in a future version.%s Other 
    at div
    at div
    at CompactDonutBreakdown (http://localhost:5173/src/components/charts/CompactDonutBreakdown.jsx:60:3)
    at div
    at div
    at section
    at DashboardPage (http://localhost:5173/src/pages/DashboardPage.jsx?t=1775301574968:25:41)
    at main
    at div
    at App (http://localhost:5173/src/App.jsx?t=1775305467634:52:27) @ http://localhost:5173/node_modules/.vite/deps/chunk-NGODP64W.js?v=91f231ea:520
[   53944ms] [ERROR] Warning: Encountered two children with the same key, `%s`. Keys should be unique so that components maintain their identity across updates. Non-unique keys may cause children to be duplicated and/or omitted — the behavior is unsupported and could change in a future version.%s Other 
    at svg
    at div
    at TreemapBreakdown (http://localhost:5173/src/components/charts/TreemapBreakdown.jsx?t=1775301574968:85:44)
    at div
    at div
    at section
    at DashboardPage (http://localhost:5173/src/pages/DashboardPage.jsx?t=1775301574968:25:41)
    at main
    at div
    at App (http://localhost:5173/src/App.jsx?t=1775305467634:52:27) @ http://localhost:5173/node_modules/.vite/deps/chunk-NGODP64W.js?v=91f231ea:520
[   53946ms] [ERROR] Warning: Encountered two children with the same key, `%s`. Keys should be unique so that components maintain their identity across updates. Non-unique keys may cause children to be duplicated and/or omitted — the behavior is unsupported and could change in a future version.%s Other 
    at svg
    at div
    at div
    at CompactDonutBreakdown (http://localhost:5173/src/components/charts/CompactDonutBreakdown.jsx:60:3)
    at div
    at div
    at section
    at DashboardPage (http://localhost:5173/src/pages/DashboardPage.jsx?t=1775301574968:25:41)
    at main
    at div
    at App (http://localhost:5173/src/App.jsx?t=1775305467634:52:27) @ http://localhost:5173/node_modules/.vite/deps/chunk-NGODP64W.js?v=91f231ea:520
[   53946ms] [ERROR] Warning: Encountered two children with the same key, `%s`. Keys should be unique so that components maintain their identity across updates. Non-unique keys may cause children to be duplicated and/or omitted — the behavior is unsupported and could change in a future version.%s Other 
    at div
    at div
    at CompactDonutBreakdown (http://localhost:5173/src/components/charts/CompactDonutBreakdown.jsx:60:3)
    at div
    at div
    at section
    at DashboardPage (http://localhost:5173/src/pages/DashboardPage.jsx?t=1775301574968:25:41)
    at main
    at div
    at App (http://localhost:5173/src/App.jsx?t=1775305467634:52:27) @ http://localhost:5173/node_modules/.vite/deps/chunk-NGODP64W.js?v=91f231ea:520
[   53946ms] [ERROR] Warning: Encountered two children with the same key, `%s`. Keys should be unique so that components maintain their identity across updates. Non-unique keys may cause children to be duplicated and/or omitted — the behavior is unsupported and could change in a future version.%s Other 
    at svg
    at div
    at TreemapBreakdown (http://localhost:5173/src/components/charts/TreemapBreakdown.jsx?t=1775301574968:85:44)
    at div
    at div
    at section
    at DashboardPage (http://localhost:5173/src/pages/DashboardPage.jsx?t=1775301574968:25:41)
    at main
    at div
    at App (http://localhost:5173/src/App.jsx?t=1775305467634:52:27) @ http://localhost:5173/node_modules/.vite/deps/chunk-NGODP64W.js?v=91f231ea:520
[   54239ms] [ERROR] Warning: Encountered two children with the same key, `%s`. Keys should be unique so that components maintain their identity across updates. Non-unique keys may cause children to be duplicated and/or omitted — the behavior is unsupported and could change in a future version.%s Other 
    at svg
    at div
    at div
    at CompactDonutBreakdown (http://localhost:5173/src/components/charts/CompactDonutBreakdown.jsx:60:3)
    at div
    at div
    at section
    at DashboardPage (http://localhost:5173/src/pages/DashboardPage.jsx?t=1775301574968:25:41)
    at main
    at div
    at App (http://localhost:5173/src/App.jsx?t=1775305467634:52:27) @ http://localhost:5173/node_modules/.vite/deps/chunk-NGODP64W.js?v=91f231ea:520
[   54239ms] [ERROR] Warning: Encountered two children with the same key, `%s`. Keys should be unique so that components maintain their identity across updates. Non-unique keys may cause children to be duplicated and/or omitted — the behavior is unsupported and could change in a future version.%s Other 
    at div
    at div
    at CompactDonutBreakdown (http://localhost:5173/src/components/charts/CompactDonutBreakdown.jsx:60:3)
    at div
    at div
    at section
    at DashboardPage (http://localhost:5173/src/pages/DashboardPage.jsx?t=1775301574968:25:41)
    at main
    at div
    at App (http://localhost:5173/src/App.jsx?t=1775305467634:52:27) @ http://localhost:5173/node_modules/.vite/deps/chunk-NGODP64W.js?v=91f231ea:520
[   54239ms] [ERROR] Warning: Encountered two children with the same key, `%s`. Keys should be unique so that components maintain their identity across updates. Non-unique keys may cause children to be duplicated and/or omitted — the behavior is unsupported and could change in a future version.%s Other 
    at svg
    at div
    at TreemapBreakdown (http://localhost:5173/src/components/charts/TreemapBreakdown.jsx?t=1775301574968:85:44)
    at div
    at div
    at section
    at DashboardPage (http://localhost:5173/src/pages/DashboardPage.jsx?t=1775301574968:25:41)
    at main
    at div
    at App (http://localhost:5173/src/App.jsx?t=1775305467634:52:27) @ http://localhost:5173/node_modules/.vite/deps/chunk-NGODP64W.js?v=91f231ea:520
[   54249ms] [ERROR] Warning: Encountered two children with the same key, `%s`. Keys should be unique so that components maintain their identity across updates. Non-unique keys may cause children to be duplicated and/or omitted — the behavior is unsupported and could change in a future version.%s Other 
    at svg
    at div
    at div
    at CompactDonutBreakdown (http://localhost:5173/src/components/charts/CompactDonutBreakdown.jsx:60:3)
    at div
    at div
    at section
    at DashboardPage (http://localhost:5173/src/pages/DashboardPage.jsx?t=1775301574968:25:41)
    at main
    at div
    at App (http://localhost:5173/src/App.jsx?t=1775305467634:52:27) @ http://localhost:5173/node_modules/.vite/deps/chunk-NGODP64W.js?v=91f231ea:520
[   54249ms] [ERROR] Warning: Encountered two children with the same key, `%s`. Keys should be unique so that components maintain their identity across updates. Non-unique keys may cause children to be duplicated and/or omitted — the behavior is unsupported and could change in a future version.%s Other 
    at div
    at div
    at CompactDonutBreakdown (http://localhost:5173/src/components/charts/CompactDonutBreakdown.jsx:60:3)
    at div
    at div
    at section
    at DashboardPage (http://localhost:5173/src/pages/DashboardPage.jsx?t=1775301574968:25:41)
    at main
    at div
    at App (http://localhost:5173/src/App.jsx?t=1775305467634:52:27) @ http://localhost:5173/node_modules/.vite/deps/chunk-NGODP64W.js?v=91f231ea:520
[   54249ms] [ERROR] Warning: Encountered two children with the same key, `%s`. Keys should be unique so that components maintain their identity across updates. Non-unique keys may cause children to be duplicated and/or omitted — the behavior is unsupported and could change in a future version.%s Other 
    at svg
    at div
    at TreemapBreakdown (http://localhost:5173/src/components/charts/TreemapBreakdown.jsx?t=1775301574968:85:44)
    at div
    at div
    at section
    at DashboardPage (http://localhost:5173/src/pages/DashboardPage.jsx?t=1775301574968:25:41)
    at main
    at div
    at App (http://localhost:5173/src/App.jsx?t=1775305467634:52:27) @ http://localhost:5173/node_modules/.vite/deps/chunk-NGODP64W.js?v=91f231ea:520
[   54279ms] [ERROR] Warning: Encountered two children with the same key, `%s`. Keys should be unique so that components maintain their identity across updates. Non-unique keys may cause children to be duplicated and/or omitted — the behavior is unsupported and could change in a future version.%s Other 
    at svg
    at div
    at div
    at CompactDonutBreakdown (http://localhost:5173/src/components/charts/CompactDonutBreakdown.jsx:60:3)
    at div
    at div
    at section
    at DashboardPage (http://localhost:5173/src/pages/DashboardPage.jsx?t=1775301574968:25:41)
    at main
    at div
    at App (http://localhost:5173/src/App.jsx?t=1775305467634:52:27) @ http://localhost:5173/node_modules/.vite/deps/chunk-NGODP64W.js?v=91f231ea:520
[   54279ms] [ERROR] Warning: Encountered two children with the same key, `%s`. Keys should be unique so that components maintain their identity across updates. Non-unique keys may cause children to be duplicated and/or omitted — the behavior is unsupported and could change in a future version.%s Other 
    at div
    at div
    at CompactDonutBreakdown (http://localhost:5173/src/components/charts/CompactDonutBreakdown.jsx:60:3)
    at div
    at div
    at section
    at DashboardPage (http://localhost:5173/src/pages/DashboardPage.jsx?t=1775301574968:25:41)
    at main
    at div
    at App (http://localhost:5173/src/App.jsx?t=1775305467634:52:27) @ http://localhost:5173/node_modules/.vite/deps/chunk-NGODP64W.js?v=91f231ea:520
[   54279ms] [ERROR] Warning: Encountered two children with the same key, `%s`. Keys should be unique so that components maintain their identity across updates. Non-unique keys may cause children to be duplicated and/or omitted — the behavior is unsupported and could change in a future version.%s Other 
    at svg
    at div
    at TreemapBreakdown (http://localhost:5173/src/components/charts/TreemapBreakdown.jsx?t=1775301574968:85:44)
    at div
    at div
    at section
    at DashboardPage (http://localhost:5173/src/pages/DashboardPage.jsx?t=1775301574968:25:41)
    at main
    at div
    at App (http://localhost:5173/src/App.jsx?t=1775305467634:52:27) @ http://localhost:5173/node_modules/.vite/deps/chunk-NGODP64W.js?v=91f231ea:520
[   54296ms] [ERROR] Warning: Encountered two children with the same key, `%s`. Keys should be unique so that components maintain their identity across updates. Non-unique keys may cause children to be duplicated and/or omitted — the behavior is unsupported and could change in a future version.%s Other 
    at svg
    at div
    at div
    at CompactDonutBreakdown (http://localhost:5173/src/components/charts/CompactDonutBreakdown.jsx:60:3)
    at div
    at div
    at section
    at DashboardPage (http://localhost:5173/src/pages/DashboardPage.jsx?t=1775301574968:25:41)
    at main
    at div
    at App (http://localhost:5173/src/App.jsx?t=1775305467634:52:27) @ http://localhost:5173/node_modules/.vite/deps/chunk-NGODP64W.js?v=91f231ea:520
[   54297ms] [ERROR] Warning: Encountered two children with the same key, `%s`. Keys should be unique so that components maintain their identity across updates. Non-unique keys may cause children to be duplicated and/or omitted — the behavior is unsupported and could change in a future version.%s Other 
    at div
    at div
    at CompactDonutBreakdown (http://localhost:5173/src/components/charts/CompactDonutBreakdown.jsx:60:3)
    at div
    at div
    at section
    at DashboardPage (http://localhost:5173/src/pages/DashboardPage.jsx?t=1775301574968:25:41)
    at main
    at div
    at App (http://localhost:5173/src/App.jsx?t=1775305467634:52:27) @ http://localhost:5173/node_modules/.vite/deps/chunk-NGODP64W.js?v=91f231ea:520
[   54297ms] [ERROR] Warning: Encountered two children with the same key, `%s`. Keys should be unique so that components maintain their identity across updates. Non-unique keys may cause children to be duplicated and/or omitted — the behavior is unsupported and could change in a future version.%s Other 
    at svg
    at div
    at TreemapBreakdown (http://localhost:5173/src/components/charts/TreemapBreakdown.jsx?t=1775301574968:85:44)
    at div
    at div
    at section
    at DashboardPage (http://localhost:5173/src/pages/DashboardPage.jsx?t=1775301574968:25:41)
    at main
    at div
    at App (http://localhost:5173/src/App.jsx?t=1775305467634:52:27) @ http://localhost:5173/node_modules/.vite/deps/chunk-NGODP64W.js?v=91f231ea:520
[   54393ms] [ERROR] Warning: Encountered two children with the same key, `%s`. Keys should be unique so that components maintain their identity across updates. Non-unique keys may cause children to be duplicated and/or omitted — the behavior is unsupported and could change in a future version.%s Other 
    at svg
    at div
    at div
    at CompactDonutBreakdown (http://localhost:5173/src/components/charts/CompactDonutBreakdown.jsx:60:3)
    at div
    at div
    at section
    at DashboardPage (http://localhost:5173/src/pages/DashboardPage.jsx?t=1775301574968:25:41)
    at main
    at div
    at App (http://localhost:5173/src/App.jsx?t=1775305467634:52:27) @ http://localhost:5173/node_modules/.vite/deps/chunk-NGODP64W.js?v=91f231ea:520
[   54393ms] [ERROR] Warning: Encountered two children with the same key, `%s`. Keys should be unique so that components maintain their identity across updates. Non-unique keys may cause children to be duplicated and/or omitted — the behavior is unsupported and could change in a future version.%s Other 
    at div
    at div
    at CompactDonutBreakdown (http://localhost:5173/src/components/charts/CompactDonutBreakdown.jsx:60:3)
    at div
    at div
    at section
    at DashboardPage (http://localhost:5173/src/pages/DashboardPage.jsx?t=1775301574968:25:41)
    at main
    at div
    at App (http://localhost:5173/src/App.jsx?t=1775305467634:52:27) @ http://localhost:5173/node_modules/.vite/deps/chunk-NGODP64W.js?v=91f231ea:520
[   54393ms] [ERROR] Warning: Encountered two children with the same key, `%s`. Keys should be unique so that components maintain their identity across updates. Non-unique keys may cause children to be duplicated and/or omitted — the behavior is unsupported and could change in a future version.%s Other 
    at svg
    at div
    at TreemapBreakdown (http://localhost:5173/src/components/charts/TreemapBreakdown.jsx?t=1775301574968:85:44)
    at div
    at div
    at section
    at DashboardPage (http://localhost:5173/src/pages/DashboardPage.jsx?t=1775301574968:25:41)
    at main
    at div
    at App (http://localhost:5173/src/App.jsx?t=1775305467634:52:27) @ http://localhost:5173/node_modules/.vite/deps/chunk-NGODP64W.js?v=91f231ea:520
[   54433ms] [ERROR] Warning: Encountered two children with the same key, `%s`. Keys should be unique so that components maintain their identity across updates. Non-unique keys may cause children to be duplicated and/or omitted — the behavior is unsupported and could change in a future version.%s Other 
    at svg
    at div
    at div
    at CompactDonutBreakdown (http://localhost:5173/src/components/charts/CompactDonutBreakdown.jsx:60:3)
    at div
    at div
    at section
    at DashboardPage (http://localhost:5173/src/pages/DashboardPage.jsx?t=1775301574968:25:41)
    at main
    at div
    at App (http://localhost:5173/src/App.jsx?t=1775305467634:52:27) @ http://localhost:5173/node_modules/.vite/deps/chunk-NGODP64W.js?v=91f231ea:520
[   54433ms] [ERROR] Warning: Encountered two children with the same key, `%s`. Keys should be unique so that components maintain their identity across updates. Non-unique keys may cause children to be duplicated and/or omitted — the behavior is unsupported and could change in a future version.%s Other 
    at div
    at div
    at CompactDonutBreakdown (http://localhost:5173/src/components/charts/CompactDonutBreakdown.jsx:60:3)
    at div
    at div
    at section
    at DashboardPage (http://localhost:5173/src/pages/DashboardPage.jsx?t=1775301574968:25:41)
    at main
    at div
    at App (http://localhost:5173/src/App.jsx?t=1775305467634:52:27) @ http://localhost:5173/node_modules/.vite/deps/chunk-NGODP64W.js?v=91f231ea:520
[   54433ms] [ERROR] Warning: Encountered two children with the same key, `%s`. Keys should be unique so that components maintain their identity across updates. Non-unique keys may cause children to be duplicated and/or omitted — the behavior is unsupported and could change in a future version.%s Other 
    at svg
    at div
    at TreemapBreakdown (http://localhost:5173/src/components/charts/TreemapBreakdown.jsx?t=1775301574968:85:44)
    at div
    at div
    at section
    at DashboardPage (http://localhost:5173/src/pages/DashboardPage.jsx?t=1775301574968:25:41)
    at main
    at div
    at App (http://localhost:5173/src/App.jsx?t=1775305467634:52:27) @ http://localhost:5173/node_modules/.vite/deps/chunk-NGODP64W.js?v=91f231ea:520
[   54456ms] [ERROR] Warning: Encountered two children with the same key, `%s`. Keys should be unique so that components maintain their identity across updates. Non-unique keys may cause children to be duplicated and/or omitted — the behavior is unsupported and could change in a future version.%s Other 
    at svg
    at div
    at div
    at CompactDonutBreakdown (http://localhost:5173/src/components/charts/CompactDonutBreakdown.jsx:60:3)
    at div
    at div
    at section
    at DashboardPage (http://localhost:5173/src/pages/DashboardPage.jsx?t=1775301574968:25:41)
    at main
    at div
    at App (http://localhost:5173/src/App.jsx?t=1775305467634:52:27) @ http://localhost:5173/node_modules/.vite/deps/chunk-NGODP64W.js?v=91f231ea:520
[   54456ms] [ERROR] Warning: Encountered two children with the same key, `%s`. Keys should be unique so that components maintain their identity across updates. Non-unique keys may cause children to be duplicated and/or omitted — the behavior is unsupported and could change in a future version.%s Other 
    at div
    at div
    at CompactDonutBreakdown (http://localhost:5173/src/components/charts/CompactDonutBreakdown.jsx:60:3)
    at div
    at div
    at section
    at DashboardPage (http://localhost:5173/src/pages/DashboardPage.jsx?t=1775301574968:25:41)
    at main
    at div
    at App (http://localhost:5173/src/App.jsx?t=1775305467634:52:27) @ http://localhost:5173/node_modules/.vite/deps/chunk-NGODP64W.js?v=91f231ea:520
[   54456ms] [ERROR] Warning: Encountered two children with the same key, `%s`. Keys should be unique so that components maintain their identity across updates. Non-unique keys may cause children to be duplicated and/or omitted — the behavior is unsupported and could change in a future version.%s Other 
    at svg
    at div
    at TreemapBreakdown (http://localhost:5173/src/components/charts/TreemapBreakdown.jsx?t=1775301574968:85:44)
    at div
    at div
    at section
    at DashboardPage (http://localhost:5173/src/pages/DashboardPage.jsx?t=1775301574968:25:41)
    at main
    at div
    at App (http://localhost:5173/src/App.jsx?t=1775305467634:52:27) @ http://localhost:5173/node_modules/.vite/deps/chunk-NGODP64W.js?v=91f231ea:520
[   54546ms] [ERROR] Warning: Encountered two children with the same key, `%s`. Keys should be unique so that components maintain their identity across updates. Non-unique keys may cause children to be duplicated and/or omitted — the behavior is unsupported and could change in a future version.%s Other 
    at svg
    at div
    at div
    at CompactDonutBreakdown (http://localhost:5173/src/components/charts/CompactDonutBreakdown.jsx:60:3)
    at div
    at div
    at section
    at DashboardPage (http://localhost:5173/src/pages/DashboardPage.jsx?t=1775301574968:25:41)
    at main
    at div
    at App (http://localhost:5173/src/App.jsx?t=1775305467634:52:27) @ http://localhost:5173/node_modules/.vite/deps/chunk-NGODP64W.js?v=91f231ea:520
[   54546ms] [ERROR] Warning: Encountered two children with the same key, `%s`. Keys should be unique so that components maintain their identity across updates. Non-unique keys may cause children to be duplicated and/or omitted — the behavior is unsupported and could change in a future version.%s Other 
    at div
    at div
    at CompactDonutBreakdown (http://localhost:5173/src/components/charts/CompactDonutBreakdown.jsx:60:3)
    at div
    at div
    at section
    at DashboardPage (http://localhost:5173/src/pages/DashboardPage.jsx?t=1775301574968:25:41)
    at main
    at div
    at App (http://localhost:5173/src/App.jsx?t=1775305467634:52:27) @ http://localhost:5173/node_modules/.vite/deps/chunk-NGODP64W.js?v=91f231ea:520
[   54546ms] [ERROR] Warning: Encountered two children with the same key, `%s`. Keys should be unique so that components maintain their identity across updates. Non-unique keys may cause children to be duplicated and/or omitted — the behavior is unsupported and could change in a future version.%s Other 
    at svg
    at div
    at TreemapBreakdown (http://localhost:5173/src/components/charts/TreemapBreakdown.jsx?t=1775301574968:85:44)
    at div
    at div
    at section
    at DashboardPage (http://localhost:5173/src/pages/DashboardPage.jsx?t=1775301574968:25:41)
    at main
    at div
    at App (http://localhost:5173/src/App.jsx?t=1775305467634:52:27) @ http://localhost:5173/node_modules/.vite/deps/chunk-NGODP64W.js?v=91f231ea:520
[   54584ms] [ERROR] Warning: Encountered two children with the same key, `%s`. Keys should be unique so that components maintain their identity across updates. Non-unique keys may cause children to be duplicated and/or omitted — the behavior is unsupported and could change in a future version.%s Other 
    at svg
    at div
    at div
    at CompactDonutBreakdown (http://localhost:5173/src/components/charts/CompactDonutBreakdown.jsx:60:3)
    at div
    at div
    at section
    at DashboardPage (http://localhost:5173/src/pages/DashboardPage.jsx?t=1775301574968:25:41)
    at main
    at div
    at App (http://localhost:5173/src/App.jsx?t=1775305467634:52:27) @ http://localhost:5173/node_modules/.vite/deps/chunk-NGODP64W.js?v=91f231ea:520
[   54584ms] [ERROR] Warning: Encountered two children with the same key, `%s`. Keys should be unique so that components maintain their identity across updates. Non-unique keys may cause children to be duplicated and/or omitted — the behavior is unsupported and could change in a future version.%s Other 
    at div
    at div
    at CompactDonutBreakdown (http://localhost:5173/src/components/charts/CompactDonutBreakdown.jsx:60:3)
    at div
    at div
    at section
    at DashboardPage (http://localhost:5173/src/pages/DashboardPage.jsx?t=1775301574968:25:41)
    at main
    at div
    at App (http://localhost:5173/src/App.jsx?t=1775305467634:52:27) @ http://localhost:5173/node_modules/.vite/deps/chunk-NGODP64W.js?v=91f231ea:520
[   54584ms] [ERROR] Warning: Encountered two children with the same key, `%s`. Keys should be unique so that components maintain their identity across updates. Non-unique keys may cause children to be duplicated and/or omitted — the behavior is unsupported and could change in a future version.%s Other 
    at svg
    at div
    at TreemapBreakdown (http://localhost:5173/src/components/charts/TreemapBreakdown.jsx?t=1775301574968:85:44)
    at div
    at div
    at section
    at DashboardPage (http://localhost:5173/src/pages/DashboardPage.jsx?t=1775301574968:25:41)
    at main
    at div
    at App (http://localhost:5173/src/App.jsx?t=1775305467634:52:27) @ http://localhost:5173/node_modules/.vite/deps/chunk-NGODP64W.js?v=91f231ea:520
[   54616ms] [ERROR] Warning: Encountered two children with the same key, `%s`. Keys should be unique so that components maintain their identity across updates. Non-unique keys may cause children to be duplicated and/or omitted — the behavior is unsupported and could change in a future version.%s Other 
    at svg
    at div
    at div
    at CompactDonutBreakdown (http://localhost:5173/src/components/charts/CompactDonutBreakdown.jsx:60:3)
    at div
    at div
    at section
    at DashboardPage (http://localhost:5173/src/pages/DashboardPage.jsx?t=1775301574968:25:41)
    at main
    at div
    at App (http://localhost:5173/src/App.jsx?t=1775305467634:52:27) @ http://localhost:5173/node_modules/.vite/deps/chunk-NGODP64W.js?v=91f231ea:520
[   54616ms] [ERROR] Warning: Encountered two children with the same key, `%s`. Keys should be unique so that components maintain their identity across updates. Non-unique keys may cause children to be duplicated and/or omitted — the behavior is unsupported and could change in a future version.%s Other 
    at div
    at div
    at CompactDonutBreakdown (http://localhost:5173/src/components/charts/CompactDonutBreakdown.jsx:60:3)
    at div
    at div
    at section
    at DashboardPage (http://localhost:5173/src/pages/DashboardPage.jsx?t=1775301574968:25:41)
    at main
    at div
    at App (http://localhost:5173/src/App.jsx?t=1775305467634:52:27) @ http://localhost:5173/node_modules/.vite/deps/chunk-NGODP64W.js?v=91f231ea:520
[   54616ms] [ERROR] Warning: Encountered two children with the same key, `%s`. Keys should be unique so that components maintain their identity across updates. Non-unique keys may cause children to be duplicated and/or omitted — the behavior is unsupported and could change in a future version.%s Other 
    at svg
    at div
    at TreemapBreakdown (http://localhost:5173/src/components/charts/TreemapBreakdown.jsx?t=1775301574968:85:44)
    at div
    at div
    at section
    at DashboardPage (http://localhost:5173/src/pages/DashboardPage.jsx?t=1775301574968:25:41)
    at main
    at div
    at App (http://localhost:5173/src/App.jsx?t=1775305467634:52:27) @ http://localhost:5173/node_modules/.vite/deps/chunk-NGODP64W.js?v=91f231ea:520
[   68943ms] [ERROR] Warning: Encountered two children with the same key, `%s`. Keys should be unique so that components maintain their identity across updates. Non-unique keys may cause children to be duplicated and/or omitted — the behavior is unsupported and could change in a future version.%s Other 
    at svg
    at div
    at div
    at CompactDonutBreakdown (http://localhost:5173/src/components/charts/CompactDonutBreakdown.jsx:60:3)
    at div
    at div
    at section
    at DashboardPage (http://localhost:5173/src/pages/DashboardPage.jsx?t=1775301574968:25:41)
    at main
    at div
    at App (http://localhost:5173/src/App.jsx?t=1775305467634:52:27) @ http://localhost:5173/node_modules/.vite/deps/chunk-NGODP64W.js?v=91f231ea:520
[   68943ms] [ERROR] Warning: Encountered two children with the same key, `%s`. Keys should be unique so that components maintain their identity across updates. Non-unique keys may cause children to be duplicated and/or omitted — the behavior is unsupported and could change in a future version.%s Other 
    at div
    at div
    at CompactDonutBreakdown (http://localhost:5173/src/components/charts/CompactDonutBreakdown.jsx:60:3)
    at div
    at div
    at section
    at DashboardPage (http://localhost:5173/src/pages/DashboardPage.jsx?t=1775301574968:25:41)
    at main
    at div
    at App (http://localhost:5173/src/App.jsx?t=1775305467634:52:27) @ http://localhost:5173/node_modules/.vite/deps/chunk-NGODP64W.js?v=91f231ea:520
[   68944ms] [ERROR] Warning: Encountered two children with the same key, `%s`. Keys should be unique so that components maintain their identity across updates. Non-unique keys may cause children to be duplicated and/or omitted — the behavior is unsupported and could change in a future version.%s Other 
    at svg
    at div
    at TreemapBreakdown (http://localhost:5173/src/components/charts/TreemapBreakdown.jsx?t=1775301574968:85:44)
    at div
    at div
    at section
    at DashboardPage (http://localhost:5173/src/pages/DashboardPage.jsx?t=1775301574968:25:41)
    at main
    at div
    at App (http://localhost:5173/src/App.jsx?t=1775305467634:52:27) @ http://localhost:5173/node_modules/.vite/deps/chunk-NGODP64W.js?v=91f231ea:520
[   83944ms] [ERROR] Warning: Encountered two children with the same key, `%s`. Keys should be unique so that components maintain their identity across updates. Non-unique keys may cause children to be duplicated and/or omitted — the behavior is unsupported and could change in a future version.%s Other 
    at svg
    at div
    at div
    at CompactDonutBreakdown (http://localhost:5173/src/components/charts/CompactDonutBreakdown.jsx:60:3)
    at div
    at div
    at section
    at DashboardPage (http://localhost:5173/src/pages/DashboardPage.jsx?t=1775301574968:25:41)
    at main
    at div
    at App (http://localhost:5173/src/App.jsx?t=1775305467634:52:27) @ http://localhost:5173/node_modules/.vite/deps/chunk-NGODP64W.js?v=91f231ea:520
[   83944ms] [ERROR] Warning: Encountered two children with the same key, `%s`. Keys should be unique so that components maintain their identity across updates. Non-unique keys may cause children to be duplicated and/or omitted — the behavior is unsupported and could change in a future version.%s Other 
    at div
    at div
    at CompactDonutBreakdown (http://localhost:5173/src/components/charts/CompactDonutBreakdown.jsx:60:3)
    at div
    at div
    at section
    at DashboardPage (http://localhost:5173/src/pages/DashboardPage.jsx?t=1775301574968:25:41)
    at main
    at div
    at App (http://localhost:5173/src/App.jsx?t=1775305467634:52:27) @ http://localhost:5173/node_modules/.vite/deps/chunk-NGODP64W.js?v=91f231ea:520
[   83945ms] [ERROR] Warning: Encountered two children with the same key, `%s`. Keys should be unique so that components maintain their identity across updates. Non-unique keys may cause children to be duplicated and/or omitted — the behavior is unsupported and could change in a future version.%s Other 
    at svg
    at div
    at TreemapBreakdown (http://localhost:5173/src/components/charts/TreemapBreakdown.jsx?t=1775301574968:85:44)
    at div
    at div
    at section
    at DashboardPage (http://localhost:5173/src/pages/DashboardPage.jsx?t=1775301574968:25:41)
    at main
    at div
    at App (http://localhost:5173/src/App.jsx?t=1775305467634:52:27) @ http://localhost:5173/node_modules/.vite/deps/chunk-NGODP64W.js?v=91f231ea:520
