[      87ms] [INFO] %cDownload the React DevTools for a better development experience: https://reactjs.org/link/react-devtools font-weight:bold @ http://localhost:5173/node_modules/.vite/deps/chunk-NGODP64W.js?v=91f231ea:21550
[     997ms] [ERROR] Warning: Encountered two children with the same key, `%s`. Keys should be unique so that components maintain their identity across updates. Non-unique keys may cause children to be duplicated and/or omitted — the behavior is unsupported and could change in a future version.%s Other 
    at svg
    at div
    at div
    at CompactDonutBreakdown (http://localhost:5173/src/components/charts/CompactDonutBreakdown.jsx:60:3)
    at div
    at div
    at section
    at DashboardPage (http://localhost:5173/src/pages/DashboardPage.jsx?t=1775301574968:25:41)
    at main
    at div
    at App (http://localhost:5173/src/App.jsx?t=1775301574968:52:27) @ http://localhost:5173/node_modules/.vite/deps/chunk-NGODP64W.js?v=91f231ea:520
[     998ms] [ERROR] Warning: Encountered two children with the same key, `%s`. Keys should be unique so that components maintain their identity across updates. Non-unique keys may cause children to be duplicated and/or omitted — the behavior is unsupported and could change in a future version.%s Other 
    at div
    at div
    at CompactDonutBreakdown (http://localhost:5173/src/components/charts/CompactDonutBreakdown.jsx:60:3)
    at div
    at div
    at section
    at DashboardPage (http://localhost:5173/src/pages/DashboardPage.jsx?t=1775301574968:25:41)
    at main
    at div
    at App (http://localhost:5173/src/App.jsx?t=1775301574968:52:27) @ http://localhost:5173/node_modules/.vite/deps/chunk-NGODP64W.js?v=91f231ea:520
[     999ms] [ERROR] Warning: Encountered two children with the same key, `%s`. Keys should be unique so that components maintain their identity across updates. Non-unique keys may cause children to be duplicated and/or omitted — the behavior is unsupported and could change in a future version.%s Other 
    at svg
    at div
    at TreemapBreakdown (http://localhost:5173/src/components/charts/TreemapBreakdown.jsx?t=1775301574968:85:44)
    at div
    at div
    at section
    at DashboardPage (http://localhost:5173/src/pages/DashboardPage.jsx?t=1775301574968:25:41)
    at main
    at div
    at App (http://localhost:5173/src/App.jsx?t=1775301574968:52:27) @ http://localhost:5173/node_modules/.vite/deps/chunk-NGODP64W.js?v=91f231ea:520
[    1016ms] [ERROR] Warning: Encountered two children with the same key, `%s`. Keys should be unique so that components maintain their identity across updates. Non-unique keys may cause children to be duplicated and/or omitted — the behavior is unsupported and could change in a future version.%s Other 
    at svg
    at div
    at div
    at CompactDonutBreakdown (http://localhost:5173/src/components/charts/CompactDonutBreakdown.jsx:60:3)
    at div
    at div
    at section
    at DashboardPage (http://localhost:5173/src/pages/DashboardPage.jsx?t=1775301574968:25:41)
    at main
    at div
    at App (http://localhost:5173/src/App.jsx?t=1775301574968:52:27) @ http://localhost:5173/node_modules/.vite/deps/chunk-NGODP64W.js?v=91f231ea:520
[    1017ms] [ERROR] Warning: Encountered two children with the same key, `%s`. Keys should be unique so that components maintain their identity across updates. Non-unique keys may cause children to be duplicated and/or omitted — the behavior is unsupported and could change in a future version.%s Other 
    at div
    at div
    at CompactDonutBreakdown (http://localhost:5173/src/components/charts/CompactDonutBreakdown.jsx:60:3)
    at div
    at div
    at section
    at DashboardPage (http://localhost:5173/src/pages/DashboardPage.jsx?t=1775301574968:25:41)
    at main
    at div
    at App (http://localhost:5173/src/App.jsx?t=1775301574968:52:27) @ http://localhost:5173/node_modules/.vite/deps/chunk-NGODP64W.js?v=91f231ea:520
[    1017ms] [ERROR] Warning: Encountered two children with the same key, `%s`. Keys should be unique so that components maintain their identity across updates. Non-unique keys may cause children to be duplicated and/or omitted — the behavior is unsupported and could change in a future version.%s Other 
    at svg
    at div
    at TreemapBreakdown (http://localhost:5173/src/components/charts/TreemapBreakdown.jsx?t=1775301574968:85:44)
    at div
    at div
    at section
    at DashboardPage (http://localhost:5173/src/pages/DashboardPage.jsx?t=1775301574968:25:41)
    at main
    at div
    at App (http://localhost:5173/src/App.jsx?t=1775301574968:52:27) @ http://localhost:5173/node_modules/.vite/deps/chunk-NGODP64W.js?v=91f231ea:520
[    1161ms] [ERROR] Warning: Encountered two children with the same key, `%s`. Keys should be unique so that components maintain their identity across updates. Non-unique keys may cause children to be duplicated and/or omitted — the behavior is unsupported and could change in a future version.%s Other 
    at svg
    at div
    at div
    at CompactDonutBreakdown (http://localhost:5173/src/components/charts/CompactDonutBreakdown.jsx:60:3)
    at div
    at div
    at section
    at DashboardPage (http://localhost:5173/src/pages/DashboardPage.jsx?t=1775301574968:25:41)
    at main
    at div
    at App (http://localhost:5173/src/App.jsx?t=1775301574968:52:27) @ http://localhost:5173/node_modules/.vite/deps/chunk-NGODP64W.js?v=91f231ea:520
[    1162ms] [ERROR] Warning: Encountered two children with the same key, `%s`. Keys should be unique so that components maintain their identity across updates. Non-unique keys may cause children to be duplicated and/or omitted — the behavior is unsupported and could change in a future version.%s Other 
    at div
    at div
    at CompactDonutBreakdown (http://localhost:5173/src/components/charts/CompactDonutBreakdown.jsx:60:3)
    at div
    at div
    at section
    at DashboardPage (http://localhost:5173/src/pages/DashboardPage.jsx?t=1775301574968:25:41)
    at main
    at div
    at App (http://localhost:5173/src/App.jsx?t=1775301574968:52:27) @ http://localhost:5173/node_modules/.vite/deps/chunk-NGODP64W.js?v=91f231ea:520
[    1162ms] [ERROR] Warning: Encountered two children with the same key, `%s`. Keys should be unique so that components maintain their identity across updates. Non-unique keys may cause children to be duplicated and/or omitted — the behavior is unsupported and could change in a future version.%s Other 
    at svg
    at div
    at TreemapBreakdown (http://localhost:5173/src/components/charts/TreemapBreakdown.jsx?t=1775301574968:85:44)
    at div
    at div
    at section
    at DashboardPage (http://localhost:5173/src/pages/DashboardPage.jsx?t=1775301574968:25:41)
    at main
    at div
    at App (http://localhost:5173/src/App.jsx?t=1775301574968:52:27) @ http://localhost:5173/node_modules/.vite/deps/chunk-NGODP64W.js?v=91f231ea:520
[    1328ms] [ERROR] Warning: Encountered two children with the same key, `%s`. Keys should be unique so that components maintain their identity across updates. Non-unique keys may cause children to be duplicated and/or omitted — the behavior is unsupported and could change in a future version.%s Other 
    at svg
    at div
    at div
    at CompactDonutBreakdown (http://localhost:5173/src/components/charts/CompactDonutBreakdown.jsx:60:3)
    at div
    at div
    at section
    at DashboardPage (http://localhost:5173/src/pages/DashboardPage.jsx?t=1775301574968:25:41)
    at main
    at div
    at App (http://localhost:5173/src/App.jsx?t=1775301574968:52:27) @ http://localhost:5173/node_modules/.vite/deps/chunk-NGODP64W.js?v=91f231ea:520
[    1328ms] [ERROR] Warning: Encountered two children with the same key, `%s`. Keys should be unique so that components maintain their identity across updates. Non-unique keys may cause children to be duplicated and/or omitted — the behavior is unsupported and could change in a future version.%s Other 
    at div
    at div
    at CompactDonutBreakdown (http://localhost:5173/src/components/charts/CompactDonutBreakdown.jsx:60:3)
    at div
    at div
    at section
    at DashboardPage (http://localhost:5173/src/pages/DashboardPage.jsx?t=1775301574968:25:41)
    at main
    at div
    at App (http://localhost:5173/src/App.jsx?t=1775301574968:52:27) @ http://localhost:5173/node_modules/.vite/deps/chunk-NGODP64W.js?v=91f231ea:520
[    1328ms] [ERROR] Warning: Encountered two children with the same key, `%s`. Keys should be unique so that components maintain their identity across updates. Non-unique keys may cause children to be duplicated and/or omitted — the behavior is unsupported and could change in a future version.%s Other 
    at svg
    at div
    at TreemapBreakdown (http://localhost:5173/src/components/charts/TreemapBreakdown.jsx?t=1775301574968:85:44)
    at div
    at div
    at section
    at DashboardPage (http://localhost:5173/src/pages/DashboardPage.jsx?t=1775301574968:25:41)
    at main
    at div
    at App (http://localhost:5173/src/App.jsx?t=1775301574968:52:27) @ http://localhost:5173/node_modules/.vite/deps/chunk-NGODP64W.js?v=91f231ea:520
[    1332ms] [ERROR] Warning: Encountered two children with the same key, `%s`. Keys should be unique so that components maintain their identity across updates. Non-unique keys may cause children to be duplicated and/or omitted — the behavior is unsupported and could change in a future version.%s Other 
    at svg
    at div
    at div
    at CompactDonutBreakdown (http://localhost:5173/src/components/charts/CompactDonutBreakdown.jsx:60:3)
    at div
    at div
    at section
    at DashboardPage (http://localhost:5173/src/pages/DashboardPage.jsx?t=1775301574968:25:41)
    at main
    at div
    at App (http://localhost:5173/src/App.jsx?t=1775301574968:52:27) @ http://localhost:5173/node_modules/.vite/deps/chunk-NGODP64W.js?v=91f231ea:520
[    1332ms] [ERROR] Warning: Encountered two children with the same key, `%s`. Keys should be unique so that components maintain their identity across updates. Non-unique keys may cause children to be duplicated and/or omitted — the behavior is unsupported and could change in a future version.%s Other 
    at div
    at div
    at CompactDonutBreakdown (http://localhost:5173/src/components/charts/CompactDonutBreakdown.jsx:60:3)
    at div
    at div
    at section
    at DashboardPage (http://localhost:5173/src/pages/DashboardPage.jsx?t=1775301574968:25:41)
    at main
    at div
    at App (http://localhost:5173/src/App.jsx?t=1775301574968:52:27) @ http://localhost:5173/node_modules/.vite/deps/chunk-NGODP64W.js?v=91f231ea:520
[    1332ms] [ERROR] Warning: Encountered two children with the same key, `%s`. Keys should be unique so that components maintain their identity across updates. Non-unique keys may cause children to be duplicated and/or omitted — the behavior is unsupported and could change in a future version.%s Other 
    at svg
    at div
    at TreemapBreakdown (http://localhost:5173/src/components/charts/TreemapBreakdown.jsx?t=1775301574968:85:44)
    at div
    at div
    at section
    at DashboardPage (http://localhost:5173/src/pages/DashboardPage.jsx?t=1775301574968:25:41)
    at main
    at div
    at App (http://localhost:5173/src/App.jsx?t=1775301574968:52:27) @ http://localhost:5173/node_modules/.vite/deps/chunk-NGODP64W.js?v=91f231ea:520
[    1350ms] [ERROR] Warning: Encountered two children with the same key, `%s`. Keys should be unique so that components maintain their identity across updates. Non-unique keys may cause children to be duplicated and/or omitted — the behavior is unsupported and could change in a future version.%s Other 
    at svg
    at div
    at div
    at CompactDonutBreakdown (http://localhost:5173/src/components/charts/CompactDonutBreakdown.jsx:60:3)
    at div
    at div
    at section
    at DashboardPage (http://localhost:5173/src/pages/DashboardPage.jsx?t=1775301574968:25:41)
    at main
    at div
    at App (http://localhost:5173/src/App.jsx?t=1775301574968:52:27) @ http://localhost:5173/node_modules/.vite/deps/chunk-NGODP64W.js?v=91f231ea:520
[    1350ms] [ERROR] Warning: Encountered two children with the same key, `%s`. Keys should be unique so that components maintain their identity across updates. Non-unique keys may cause children to be duplicated and/or omitted — the behavior is unsupported and could change in a future version.%s Other 
    at div
    at div
    at CompactDonutBreakdown (http://localhost:5173/src/components/charts/CompactDonutBreakdown.jsx:60:3)
    at div
    at div
    at section
    at DashboardPage (http://localhost:5173/src/pages/DashboardPage.jsx?t=1775301574968:25:41)
    at main
    at div
    at App (http://localhost:5173/src/App.jsx?t=1775301574968:52:27) @ http://localhost:5173/node_modules/.vite/deps/chunk-NGODP64W.js?v=91f231ea:520
[    1351ms] [ERROR] Warning: Encountered two children with the same key, `%s`. Keys should be unique so that components maintain their identity across updates. Non-unique keys may cause children to be duplicated and/or omitted — the behavior is unsupported and could change in a future version.%s Other 
    at svg
    at div
    at TreemapBreakdown (http://localhost:5173/src/components/charts/TreemapBreakdown.jsx?t=1775301574968:85:44)
    at div
    at div
    at section
    at DashboardPage (http://localhost:5173/src/pages/DashboardPage.jsx?t=1775301574968:25:41)
    at main
    at div
    at App (http://localhost:5173/src/App.jsx?t=1775301574968:52:27) @ http://localhost:5173/node_modules/.vite/deps/chunk-NGODP64W.js?v=91f231ea:520
[   15127ms] [ERROR] Warning: Encountered two children with the same key, `%s`. Keys should be unique so that components maintain their identity across updates. Non-unique keys may cause children to be duplicated and/or omitted — the behavior is unsupported and could change in a future version.%s Other 
    at svg
    at div
    at div
    at CompactDonutBreakdown (http://localhost:5173/src/components/charts/CompactDonutBreakdown.jsx:60:3)
    at div
    at div
    at section
    at DashboardPage (http://localhost:5173/src/pages/DashboardPage.jsx?t=1775301574968:25:41)
    at main
    at div
    at App (http://localhost:5173/src/App.jsx?t=1775301574968:52:27) @ http://localhost:5173/node_modules/.vite/deps/chunk-NGODP64W.js?v=91f231ea:520
[   15128ms] [ERROR] Warning: Encountered two children with the same key, `%s`. Keys should be unique so that components maintain their identity across updates. Non-unique keys may cause children to be duplicated and/or omitted — the behavior is unsupported and could change in a future version.%s Other 
    at div
    at div
    at CompactDonutBreakdown (http://localhost:5173/src/components/charts/CompactDonutBreakdown.jsx:60:3)
    at div
    at div
    at section
    at DashboardPage (http://localhost:5173/src/pages/DashboardPage.jsx?t=1775301574968:25:41)
    at main
    at div
    at App (http://localhost:5173/src/App.jsx?t=1775301574968:52:27) @ http://localhost:5173/node_modules/.vite/deps/chunk-NGODP64W.js?v=91f231ea:520
[   15128ms] [ERROR] Warning: Encountered two children with the same key, `%s`. Keys should be unique so that components maintain their identity across updates. Non-unique keys may cause children to be duplicated and/or omitted — the behavior is unsupported and could change in a future version.%s Other 
    at svg
    at div
    at TreemapBreakdown (http://localhost:5173/src/components/charts/TreemapBreakdown.jsx?t=1775301574968:85:44)
    at div
    at div
    at section
    at DashboardPage (http://localhost:5173/src/pages/DashboardPage.jsx?t=1775301574968:25:41)
    at main
    at div
    at App (http://localhost:5173/src/App.jsx?t=1775301574968:52:27) @ http://localhost:5173/node_modules/.vite/deps/chunk-NGODP64W.js?v=91f231ea:520
[   30126ms] [ERROR] Warning: Encountered two children with the same key, `%s`. Keys should be unique so that components maintain their identity across updates. Non-unique keys may cause children to be duplicated and/or omitted — the behavior is unsupported and could change in a future version.%s Other 
    at svg
    at div
    at div
    at CompactDonutBreakdown (http://localhost:5173/src/components/charts/CompactDonutBreakdown.jsx:60:3)
    at div
    at div
    at section
    at DashboardPage (http://localhost:5173/src/pages/DashboardPage.jsx?t=1775301574968:25:41)
    at main
    at div
    at App (http://localhost:5173/src/App.jsx?t=1775301574968:52:27) @ http://localhost:5173/node_modules/.vite/deps/chunk-NGODP64W.js?v=91f231ea:520
[   30126ms] [ERROR] Warning: Encountered two children with the same key, `%s`. Keys should be unique so that components maintain their identity across updates. Non-unique keys may cause children to be duplicated and/or omitted — the behavior is unsupported and could change in a future version.%s Other 
    at div
    at div
    at CompactDonutBreakdown (http://localhost:5173/src/components/charts/CompactDonutBreakdown.jsx:60:3)
    at div
    at div
    at section
    at DashboardPage (http://localhost:5173/src/pages/DashboardPage.jsx?t=1775301574968:25:41)
    at main
    at div
    at App (http://localhost:5173/src/App.jsx?t=1775301574968:52:27) @ http://localhost:5173/node_modules/.vite/deps/chunk-NGODP64W.js?v=91f231ea:520
[   30126ms] [ERROR] Warning: Encountered two children with the same key, `%s`. Keys should be unique so that components maintain their identity across updates. Non-unique keys may cause children to be duplicated and/or omitted — the behavior is unsupported and could change in a future version.%s Other 
    at svg
    at div
    at TreemapBreakdown (http://localhost:5173/src/components/charts/TreemapBreakdown.jsx?t=1775301574968:85:44)
    at div
    at div
    at section
    at DashboardPage (http://localhost:5173/src/pages/DashboardPage.jsx?t=1775301574968:25:41)
    at main
    at div
    at App (http://localhost:5173/src/App.jsx?t=1775301574968:52:27) @ http://localhost:5173/node_modules/.vite/deps/chunk-NGODP64W.js?v=91f231ea:520
[   45127ms] [ERROR] Warning: Encountered two children with the same key, `%s`. Keys should be unique so that components maintain their identity across updates. Non-unique keys may cause children to be duplicated and/or omitted — the behavior is unsupported and could change in a future version.%s Other 
    at svg
    at div
    at div
    at CompactDonutBreakdown (http://localhost:5173/src/components/charts/CompactDonutBreakdown.jsx:60:3)
    at div
    at div
    at section
    at DashboardPage (http://localhost:5173/src/pages/DashboardPage.jsx?t=1775301574968:25:41)
    at main
    at div
    at App (http://localhost:5173/src/App.jsx?t=1775301574968:52:27) @ http://localhost:5173/node_modules/.vite/deps/chunk-NGODP64W.js?v=91f231ea:520
[   45127ms] [ERROR] Warning: Encountered two children with the same key, `%s`. Keys should be unique so that components maintain their identity across updates. Non-unique keys may cause children to be duplicated and/or omitted — the behavior is unsupported and could change in a future version.%s Other 
    at div
    at div
    at CompactDonutBreakdown (http://localhost:5173/src/components/charts/CompactDonutBreakdown.jsx:60:3)
    at div
    at div
    at section
    at DashboardPage (http://localhost:5173/src/pages/DashboardPage.jsx?t=1775301574968:25:41)
    at main
    at div
    at App (http://localhost:5173/src/App.jsx?t=1775301574968:52:27) @ http://localhost:5173/node_modules/.vite/deps/chunk-NGODP64W.js?v=91f231ea:520
[   45127ms] [ERROR] Warning: Encountered two children with the same key, `%s`. Keys should be unique so that components maintain their identity across updates. Non-unique keys may cause children to be duplicated and/or omitted — the behavior is unsupported and could change in a future version.%s Other 
    at svg
    at div
    at TreemapBreakdown (http://localhost:5173/src/components/charts/TreemapBreakdown.jsx?t=1775301574968:85:44)
    at div
    at div
    at section
    at DashboardPage (http://localhost:5173/src/pages/DashboardPage.jsx?t=1775301574968:25:41)
    at main
    at div
    at App (http://localhost:5173/src/App.jsx?t=1775301574968:52:27) @ http://localhost:5173/node_modules/.vite/deps/chunk-NGODP64W.js?v=91f231ea:520
