[     132ms] [INFO] %cDownload the React DevTools for a better development experience: https://reactjs.org/link/react-devtools font-weight:bold @ http://localhost:5173/node_modules/.vite/deps/chunk-NGODP64W.js?v=70c78d63:21550
[   23216ms] [ERROR] Warning: Encountered two children with the same key, `%s`. Keys should be unique so that components maintain their identity across updates. Non-unique keys may cause children to be duplicated and/or omitted — the behavior is unsupported and could change in a future version.%s Other 
    at svg
    at div
    at div
    at CompactDonutBreakdown (http://localhost:5173/src/components/charts/CompactDonutBreakdown.jsx:60:3)
    at div
    at div
    at section
    at DashboardPage (http://localhost:5173/src/pages/DashboardPage.jsx:25:41)
    at main
    at div
    at App (http://localhost:5173/src/App.jsx:52:27) @ http://localhost:5173/node_modules/.vite/deps/chunk-NGODP64W.js?v=70c78d63:520
[   23217ms] [ERROR] Warning: Encountered two children with the same key, `%s`. Keys should be unique so that components maintain their identity across updates. Non-unique keys may cause children to be duplicated and/or omitted — the behavior is unsupported and could change in a future version.%s Other 
    at div
    at div
    at CompactDonutBreakdown (http://localhost:5173/src/components/charts/CompactDonutBreakdown.jsx:60:3)
    at div
    at div
    at section
    at DashboardPage (http://localhost:5173/src/pages/DashboardPage.jsx:25:41)
    at main
    at div
    at App (http://localhost:5173/src/App.jsx:52:27) @ http://localhost:5173/node_modules/.vite/deps/chunk-NGODP64W.js?v=70c78d63:520
[   23225ms] RangeError: Maximum call stack size exceeded
    at http://localhost:5173/src/components/charts/TreemapBreakdown.jsx:1:1
    at Array.reduce (<anonymous>)
    at splitBalanced (http://localhost:5173/src/components/charts/TreemapBreakdown.jsx:1:1)
    at layoutTreemap (http://localhost:5173/src/components/charts/TreemapBreakdown.jsx:1:1)
    at layoutTreemap (http://localhost:5173/src/components/charts/TreemapBreakdown.jsx:1:1)
    at layoutTreemap (http://localhost:5173/src/components/charts/TreemapBreakdown.jsx:1:1)
    at layoutTreemap (http://localhost:5173/src/components/charts/TreemapBreakdown.jsx:1:1)
    at layoutTreemap (http://localhost:5173/src/components/charts/TreemapBreakdown.jsx:1:1)
    at layoutTreemap (http://localhost:5173/src/components/charts/TreemapBreakdown.jsx:1:1)
    at layoutTreemap (http://localhost:5173/src/components/charts/TreemapBreakdown.jsx:1:1)
[   23229ms] [ERROR] Warning: Encountered two children with the same key, `%s`. Keys should be unique so that components maintain their identity across updates. Non-unique keys may cause children to be duplicated and/or omitted — the behavior is unsupported and could change in a future version.%s Other 
    at svg
    at div
    at div
    at CompactDonutBreakdown (http://localhost:5173/src/components/charts/CompactDonutBreakdown.jsx:60:3)
    at div
    at div
    at section
    at DashboardPage (http://localhost:5173/src/pages/DashboardPage.jsx:25:41)
    at main
    at div
    at App (http://localhost:5173/src/App.jsx:52:27) @ http://localhost:5173/node_modules/.vite/deps/chunk-NGODP64W.js?v=70c78d63:520
[   23229ms] [ERROR] Warning: Encountered two children with the same key, `%s`. Keys should be unique so that components maintain their identity across updates. Non-unique keys may cause children to be duplicated and/or omitted — the behavior is unsupported and could change in a future version.%s Other 
    at div
    at div
    at CompactDonutBreakdown (http://localhost:5173/src/components/charts/CompactDonutBreakdown.jsx:60:3)
    at div
    at div
    at section
    at DashboardPage (http://localhost:5173/src/pages/DashboardPage.jsx:25:41)
    at main
    at div
    at App (http://localhost:5173/src/App.jsx:52:27) @ http://localhost:5173/node_modules/.vite/deps/chunk-NGODP64W.js?v=70c78d63:520
[   23238ms] RangeError: Maximum call stack size exceeded
    at http://localhost:5173/src/components/charts/TreemapBreakdown.jsx:45:30
    at Array.reduce (<anonymous>)
    at splitBalanced (http://localhost:5173/src/components/charts/TreemapBreakdown.jsx:1:1)
    at layoutTreemap (http://localhost:5173/src/components/charts/TreemapBreakdown.jsx:1:1)
    at layoutTreemap (http://localhost:5173/src/components/charts/TreemapBreakdown.jsx:1:1)
    at layoutTreemap (http://localhost:5173/src/components/charts/TreemapBreakdown.jsx:1:1)
    at layoutTreemap (http://localhost:5173/src/components/charts/TreemapBreakdown.jsx:1:1)
    at layoutTreemap (http://localhost:5173/src/components/charts/TreemapBreakdown.jsx:1:1)
    at layoutTreemap (http://localhost:5173/src/components/charts/TreemapBreakdown.jsx:1:1)
    at layoutTreemap (http://localhost:5173/src/components/charts/TreemapBreakdown.jsx:1:1)
[   23239ms] [ERROR] The above error occurred in the <TreemapBreakdown> component:

    at TreemapBreakdown (http://localhost:5173/src/components/charts/TreemapBreakdown.jsx:75:44)
    at div
    at div
    at section
    at DashboardPage (http://localhost:5173/src/pages/DashboardPage.jsx:25:41)
    at main
    at div
    at App (http://localhost:5173/src/App.jsx:52:27)

Consider adding an error boundary to your tree to customize error handling behavior.
Visit https://reactjs.org/link/error-boundaries to learn more about error boundaries. @ http://localhost:5173/node_modules/.vite/deps/chunk-NGODP64W.js?v=70c78d63:14031
[   23240ms] RangeError: Maximum call stack size exceeded
    at http://localhost:5173/src/components/charts/TreemapBreakdown.jsx:45:30
    at Array.reduce (<anonymous>)
    at splitBalanced (http://localhost:5173/src/components/charts/TreemapBreakdown.jsx:1:1)
    at layoutTreemap (http://localhost:5173/src/components/charts/TreemapBreakdown.jsx:1:1)
    at layoutTreemap (http://localhost:5173/src/components/charts/TreemapBreakdown.jsx:1:1)
    at layoutTreemap (http://localhost:5173/src/components/charts/TreemapBreakdown.jsx:1:1)
    at layoutTreemap (http://localhost:5173/src/components/charts/TreemapBreakdown.jsx:1:1)
    at layoutTreemap (http://localhost:5173/src/components/charts/TreemapBreakdown.jsx:1:1)
    at layoutTreemap (http://localhost:5173/src/components/charts/TreemapBreakdown.jsx:1:1)
    at layoutTreemap (http://localhost:5173/src/components/charts/TreemapBreakdown.jsx:1:1)
[  289314ms] [ERROR] Warning: Encountered two children with the same key, `%s`. Keys should be unique so that components maintain their identity across updates. Non-unique keys may cause children to be duplicated and/or omitted — the behavior is unsupported and could change in a future version.%s Other 
    at svg
    at div
    at div
    at CompactDonutBreakdown (http://localhost:5173/src/components/charts/CompactDonutBreakdown.jsx:60:3)
    at div
    at div
    at section
    at DashboardPage (http://localhost:5173/src/pages/DashboardPage.jsx:25:41)
    at main
    at div
    at App (http://localhost:5173/src/App.jsx:52:27) @ http://localhost:5173/node_modules/.vite/deps/chunk-NGODP64W.js?v=70c78d63:520
[  289314ms] [ERROR] Warning: Encountered two children with the same key, `%s`. Keys should be unique so that components maintain their identity across updates. Non-unique keys may cause children to be duplicated and/or omitted — the behavior is unsupported and could change in a future version.%s Other 
    at div
    at div
    at CompactDonutBreakdown (http://localhost:5173/src/components/charts/CompactDonutBreakdown.jsx:60:3)
    at div
    at div
    at section
    at DashboardPage (http://localhost:5173/src/pages/DashboardPage.jsx:25:41)
    at main
    at div
    at App (http://localhost:5173/src/App.jsx:52:27) @ http://localhost:5173/node_modules/.vite/deps/chunk-NGODP64W.js?v=70c78d63:520
[  289323ms] RangeError: Maximum call stack size exceeded
    at http://localhost:5173/src/components/charts/TreemapBreakdown.jsx?t=1775301320521:45:30
    at Array.reduce (<anonymous>)
    at splitBalanced (http://localhost:5173/src/components/charts/TreemapBreakdown.jsx?t=1775301320521:45:23)
    at layoutTreemap (http://localhost:5173/src/components/charts/TreemapBreakdown.jsx?t=1775301320521:60:37)
    at layoutTreemap (http://localhost:5173/src/components/charts/TreemapBreakdown.jsx?t=1775301320521:66:10)
    at layoutTreemap (http://localhost:5173/src/components/charts/TreemapBreakdown.jsx?t=1775301320521:66:10)
    at layoutTreemap (http://localhost:5173/src/components/charts/TreemapBreakdown.jsx?t=1775301320521:66:10)
    at layoutTreemap (http://localhost:5173/src/components/charts/TreemapBreakdown.jsx?t=1775301320521:66:10)
    at layoutTreemap (http://localhost:5173/src/components/charts/TreemapBreakdown.jsx?t=1775301320521:66:10)
    at layoutTreemap (http://localhost:5173/src/components/charts/TreemapBreakdown.jsx?t=1775301320521:66:10)
[  289326ms] [ERROR] Warning: Encountered two children with the same key, `%s`. Keys should be unique so that components maintain their identity across updates. Non-unique keys may cause children to be duplicated and/or omitted — the behavior is unsupported and could change in a future version.%s Other 
    at svg
    at div
    at div
    at CompactDonutBreakdown (http://localhost:5173/src/components/charts/CompactDonutBreakdown.jsx:60:3)
    at div
    at div
    at section
    at DashboardPage (http://localhost:5173/src/pages/DashboardPage.jsx:25:41)
    at main
    at div
    at App (http://localhost:5173/src/App.jsx:52:27) @ http://localhost:5173/node_modules/.vite/deps/chunk-NGODP64W.js?v=70c78d63:520
[  289326ms] [ERROR] Warning: Encountered two children with the same key, `%s`. Keys should be unique so that components maintain their identity across updates. Non-unique keys may cause children to be duplicated and/or omitted — the behavior is unsupported and could change in a future version.%s Other 
    at div
    at div
    at CompactDonutBreakdown (http://localhost:5173/src/components/charts/CompactDonutBreakdown.jsx:60:3)
    at div
    at div
    at section
    at DashboardPage (http://localhost:5173/src/pages/DashboardPage.jsx:25:41)
    at main
    at div
    at App (http://localhost:5173/src/App.jsx:52:27) @ http://localhost:5173/node_modules/.vite/deps/chunk-NGODP64W.js?v=70c78d63:520
[  289341ms] RangeError: Maximum call stack size exceeded
    at http://localhost:5173/src/components/charts/TreemapBreakdown.jsx?t=1775301320521:45:30
    at Array.reduce (<anonymous>)
    at splitBalanced (http://localhost:5173/src/components/charts/TreemapBreakdown.jsx?t=1775301320521:45:23)
    at layoutTreemap (http://localhost:5173/src/components/charts/TreemapBreakdown.jsx?t=1775301320521:60:37)
    at layoutTreemap (http://localhost:5173/src/components/charts/TreemapBreakdown.jsx?t=1775301320521:66:10)
    at layoutTreemap (http://localhost:5173/src/components/charts/TreemapBreakdown.jsx?t=1775301320521:66:10)
    at layoutTreemap (http://localhost:5173/src/components/charts/TreemapBreakdown.jsx?t=1775301320521:66:10)
    at layoutTreemap (http://localhost:5173/src/components/charts/TreemapBreakdown.jsx?t=1775301320521:66:10)
    at layoutTreemap (http://localhost:5173/src/components/charts/TreemapBreakdown.jsx?t=1775301320521:66:10)
    at layoutTreemap (http://localhost:5173/src/components/charts/TreemapBreakdown.jsx?t=1775301320521:66:10)
[  289341ms] [ERROR] The above error occurred in the <TreemapBreakdown> component:

    at TreemapBreakdown (http://localhost:5173/src/components/charts/TreemapBreakdown.jsx?t=1775301320521:76:44)
    at div
    at div
    at section
    at DashboardPage (http://localhost:5173/src/pages/DashboardPage.jsx:25:41)
    at main
    at div
    at App (http://localhost:5173/src/App.jsx:52:27)

Consider adding an error boundary to your tree to customize error handling behavior.
Visit https://reactjs.org/link/error-boundaries to learn more about error boundaries. @ http://localhost:5173/node_modules/.vite/deps/chunk-NGODP64W.js?v=70c78d63:14031
[  289343ms] RangeError: Maximum call stack size exceeded
    at http://localhost:5173/src/components/charts/TreemapBreakdown.jsx?t=1775301320521:45:30
    at Array.reduce (<anonymous>)
    at splitBalanced (http://localhost:5173/src/components/charts/TreemapBreakdown.jsx?t=1775301320521:45:23)
    at layoutTreemap (http://localhost:5173/src/components/charts/TreemapBreakdown.jsx?t=1775301320521:60:37)
    at layoutTreemap (http://localhost:5173/src/components/charts/TreemapBreakdown.jsx?t=1775301320521:66:10)
    at layoutTreemap (http://localhost:5173/src/components/charts/TreemapBreakdown.jsx?t=1775301320521:66:10)
    at layoutTreemap (http://localhost:5173/src/components/charts/TreemapBreakdown.jsx?t=1775301320521:66:10)
    at layoutTreemap (http://localhost:5173/src/components/charts/TreemapBreakdown.jsx?t=1775301320521:66:10)
    at layoutTreemap (http://localhost:5173/src/components/charts/TreemapBreakdown.jsx?t=1775301320521:66:10)
    at layoutTreemap (http://localhost:5173/src/components/charts/TreemapBreakdown.jsx?t=1775301320521:66:10)
