[      62ms] [INFO] %cDownload the React DevTools for a better development experience: https://reactjs.org/link/react-devtools font-weight:bold @ http://localhost:5173/node_modules/.vite/deps/chunk-NGODP64W.js?v=6a5d366a:21550
[  487513ms] [ERROR] Failed to load resource: the server responded with a status of 404 (Not Found) @ http://localhost:5173/src/components/common/Pagination.jsx?t=1775311793726:0
[  487515ms] [ERROR] [hmr] Failed to reload /src/components/common/Pagination.jsx. This could be due to syntax errors or importing non-existent modules. (see errors above) @ http://localhost:5173/@vite/client:175
[  487639ms] [ERROR] Failed to load resource: the server responded with a status of 401 (Unauthorized) @ http://localhost:8078/api/analytics/summary?year=2026:0
[  487642ms] [ERROR] Failed to load resource: the server responded with a status of 401 (Unauthorized) @ http://localhost:8078/api/nhis?year=2026:0
[  487644ms] [ERROR] Failed to load resource: the server responded with a status of 401 (Unauthorized) @ http://localhost:8078/api/people?year=2026:0
[  487670ms] [ERROR] Failed to load resource: the server responded with a status of 401 (Unauthorized) @ http://localhost:8078/api/auth/me:0
[  487709ms] TypeError: serverPeople is not iterable
    at applyPeopleOfflineMutations (http://localhost:5173/src/utils/offlineData.js?t=1775311793725:859:20)
    at http://localhost:5173/src/App.jsx?t=1775311793723:102:11
    at updateMemo (http://localhost:5173/node_modules/.vite/deps/chunk-NGODP64W.js?v=6a5d366a:12210:27)
    at Object.useMemo (http://localhost:5173/node_modules/.vite/deps/chunk-NGODP64W.js?v=6a5d366a:12726:24)
    at useMemo (http://localhost:5173/node_modules/.vite/deps/chunk-L57YJLEW.js?v=6a5d366a:1094:29)
    at App (http://localhost:5173/src/App.jsx?t=1775311793723:101:27)
    at renderWithHooks (http://localhost:5173/node_modules/.vite/deps/chunk-NGODP64W.js?v=6a5d366a:11548:26)
    at updateFunctionComponent (http://localhost:5173/node_modules/.vite/deps/chunk-NGODP64W.js?v=6a5d366a:14582:28)
    at beginWork (http://localhost:5173/node_modules/.vite/deps/chunk-NGODP64W.js?v=6a5d366a:15924:22)
    at HTMLUnknownElement.callCallback2 (http://localhost:5173/node_modules/.vite/deps/chunk-NGODP64W.js?v=6a5d366a:3674:22)
[  487710ms] TypeError: serverPeople is not iterable
    at applyPeopleOfflineMutations (http://localhost:5173/src/utils/offlineData.js?t=1775311793725:859:20)
    at http://localhost:5173/src/App.jsx?t=1775311793723:102:11
    at updateMemo (http://localhost:5173/node_modules/.vite/deps/chunk-NGODP64W.js?v=6a5d366a:12210:27)
    at Object.useMemo (http://localhost:5173/node_modules/.vite/deps/chunk-NGODP64W.js?v=6a5d366a:12726:24)
    at useMemo (http://localhost:5173/node_modules/.vite/deps/chunk-L57YJLEW.js?v=6a5d366a:1094:29)
    at App (http://localhost:5173/src/App.jsx?t=1775311793723:101:27)
    at renderWithHooks (http://localhost:5173/node_modules/.vite/deps/chunk-NGODP64W.js?v=6a5d366a:11548:26)
    at updateFunctionComponent (http://localhost:5173/node_modules/.vite/deps/chunk-NGODP64W.js?v=6a5d366a:14582:28)
    at beginWork (http://localhost:5173/node_modules/.vite/deps/chunk-NGODP64W.js?v=6a5d366a:15924:22)
    at HTMLUnknownElement.callCallback2 (http://localhost:5173/node_modules/.vite/deps/chunk-NGODP64W.js?v=6a5d366a:3674:22)
[  487711ms] [ERROR] The above error occurred in the <App> component:

    at App (http://localhost:5173/src/App.jsx?t=1775311793723:52:27)

Consider adding an error boundary to your tree to customize error handling behavior.
Visit https://reactjs.org/link/error-boundaries to learn more about error boundaries. @ http://localhost:5173/node_modules/.vite/deps/chunk-NGODP64W.js?v=6a5d366a:14031
[  487712ms] TypeError: serverPeople is not iterable
    at applyPeopleOfflineMutations (http://localhost:5173/src/utils/offlineData.js?t=1775311793725:859:20)
    at http://localhost:5173/src/App.jsx?t=1775311793723:102:11
    at updateMemo (http://localhost:5173/node_modules/.vite/deps/chunk-NGODP64W.js?v=6a5d366a:12210:27)
    at Object.useMemo (http://localhost:5173/node_modules/.vite/deps/chunk-NGODP64W.js?v=6a5d366a:12726:24)
    at useMemo (http://localhost:5173/node_modules/.vite/deps/chunk-L57YJLEW.js?v=6a5d366a:1094:29)
    at App (http://localhost:5173/src/App.jsx?t=1775311793723:101:27)
    at renderWithHooks (http://localhost:5173/node_modules/.vite/deps/chunk-NGODP64W.js?v=6a5d366a:11548:26)
    at updateFunctionComponent (http://localhost:5173/node_modules/.vite/deps/chunk-NGODP64W.js?v=6a5d366a:14582:28)
    at beginWork (http://localhost:5173/node_modules/.vite/deps/chunk-NGODP64W.js?v=6a5d366a:15924:22)
    at beginWork$1 (http://localhost:5173/node_modules/.vite/deps/chunk-NGODP64W.js?v=6a5d366a:19753:22)
[  963016ms] TypeError: serverPeople is not iterable
    at applyPeopleOfflineMutations (http://localhost:5173/src/utils/offlineData.js?t=1775311793725:859:20)
    at http://localhost:5173/src/App.jsx?t=1775311793723:102:11
    at updateMemo (http://localhost:5173/node_modules/.vite/deps/chunk-NGODP64W.js?v=6a5d366a:12210:27)
    at Object.useMemo (http://localhost:5173/node_modules/.vite/deps/chunk-NGODP64W.js?v=6a5d366a:12726:24)
    at useMemo (http://localhost:5173/node_modules/.vite/deps/chunk-L57YJLEW.js?v=6a5d366a:1094:29)
    at App (http://localhost:5173/src/App.jsx?t=1775311793723:101:27)
    at renderWithHooks (http://localhost:5173/node_modules/.vite/deps/chunk-NGODP64W.js?v=6a5d366a:11548:26)
    at updateFunctionComponent (http://localhost:5173/node_modules/.vite/deps/chunk-NGODP64W.js?v=6a5d366a:14582:28)
    at beginWork (http://localhost:5173/node_modules/.vite/deps/chunk-NGODP64W.js?v=6a5d366a:15924:22)
    at HTMLUnknownElement.callCallback2 (http://localhost:5173/node_modules/.vite/deps/chunk-NGODP64W.js?v=6a5d366a:3674:22)
[  963017ms] TypeError: serverPeople is not iterable
    at applyPeopleOfflineMutations (http://localhost:5173/src/utils/offlineData.js?t=1775311793725:859:20)
    at http://localhost:5173/src/App.jsx?t=1775311793723:102:11
    at updateMemo (http://localhost:5173/node_modules/.vite/deps/chunk-NGODP64W.js?v=6a5d366a:12210:27)
    at Object.useMemo (http://localhost:5173/node_modules/.vite/deps/chunk-NGODP64W.js?v=6a5d366a:12726:24)
    at useMemo (http://localhost:5173/node_modules/.vite/deps/chunk-L57YJLEW.js?v=6a5d366a:1094:29)
    at App (http://localhost:5173/src/App.jsx?t=1775311793723:101:27)
    at renderWithHooks (http://localhost:5173/node_modules/.vite/deps/chunk-NGODP64W.js?v=6a5d366a:11548:26)
    at updateFunctionComponent (http://localhost:5173/node_modules/.vite/deps/chunk-NGODP64W.js?v=6a5d366a:14582:28)
    at beginWork (http://localhost:5173/node_modules/.vite/deps/chunk-NGODP64W.js?v=6a5d366a:15924:22)
    at HTMLUnknownElement.callCallback2 (http://localhost:5173/node_modules/.vite/deps/chunk-NGODP64W.js?v=6a5d366a:3674:22)
[  963015ms] [ERROR] The above error occurred in the <App> component:

    at App (http://localhost:5173/src/App.jsx?t=1775311793723:52:27)

Consider adding an error boundary to your tree to customize error handling behavior.
Visit https://reactjs.org/link/error-boundaries to learn more about error boundaries. @ http://localhost:5173/node_modules/.vite/deps/chunk-NGODP64W.js?v=6a5d366a:14031
[  963020ms] TypeError: serverPeople is not iterable
    at applyPeopleOfflineMutations (http://localhost:5173/src/utils/offlineData.js?t=1775311793725:859:20)
    at http://localhost:5173/src/App.jsx?t=1775311793723:102:11
    at updateMemo (http://localhost:5173/node_modules/.vite/deps/chunk-NGODP64W.js?v=6a5d366a:12210:27)
    at Object.useMemo (http://localhost:5173/node_modules/.vite/deps/chunk-NGODP64W.js?v=6a5d366a:12726:24)
    at useMemo (http://localhost:5173/node_modules/.vite/deps/chunk-L57YJLEW.js?v=6a5d366a:1094:29)
    at App (http://localhost:5173/src/App.jsx?t=1775311793723:101:27)
    at renderWithHooks (http://localhost:5173/node_modules/.vite/deps/chunk-NGODP64W.js?v=6a5d366a:11548:26)
    at updateFunctionComponent (http://localhost:5173/node_modules/.vite/deps/chunk-NGODP64W.js?v=6a5d366a:14582:28)
    at beginWork (http://localhost:5173/node_modules/.vite/deps/chunk-NGODP64W.js?v=6a5d366a:15924:22)
    at beginWork$1 (http://localhost:5173/node_modules/.vite/deps/chunk-NGODP64W.js?v=6a5d366a:19753:22)
[ 1007839ms] [INFO] %cDownload the React DevTools for a better development experience: https://reactjs.org/link/react-devtools font-weight:bold @ http://localhost:5173/node_modules/.vite/deps/chunk-NGODP64W.js?v=6a5d366a:21550
[ 1122826ms] [ERROR] Failed to load resource: the server responded with a status of 500 (Internal Server Error) @ http://localhost:5173/src/pages/NhisRegistrationPage.jsx?t=1775312429186:0
[ 1122848ms] [ERROR] [hmr] Failed to reload /src/pages/NhisRegistrationPage.jsx. This could be due to syntax errors or importing non-existent modules. (see errors above) @ http://localhost:5173/@vite/client:175
