[    4818ms] [ERROR] RangeError: Maximum call stack size exceeded
    at https://medicaid.live/assets/index-DoZEWZie.js:41:69933
    at Array.reduce (<anonymous>)
    at Zh (https://medicaid.live/assets/index-DoZEWZie.js:41:69926)
    at Lr (https://medicaid.live/assets/index-DoZEWZie.js:41:70242)
    at Lr (https://medicaid.live/assets/index-DoZEWZie.js:41:70323)
    at Lr (https://medicaid.live/assets/index-DoZEWZie.js:41:70323)
    at Lr (https://medicaid.live/assets/index-DoZEWZie.js:41:70323)
    at Lr (https://medicaid.live/assets/index-DoZEWZie.js:41:70323)
    at Lr (https://medicaid.live/assets/index-DoZEWZie.js:41:70323)
    at Lr (https://medicaid.live/assets/index-DoZEWZie.js:41:70323) @ https://medicaid.live/assets/index-DoZEWZie.js:40
[    4822ms] RangeError: Maximum call stack size exceeded
    at https://medicaid.live/assets/index-DoZEWZie.js:41:69933
    at Array.reduce (<anonymous>)
    at Zh (https://medicaid.live/assets/index-DoZEWZie.js:41:69926)
    at Lr (https://medicaid.live/assets/index-DoZEWZie.js:41:70242)
    at Lr (https://medicaid.live/assets/index-DoZEWZie.js:41:70323)
    at Lr (https://medicaid.live/assets/index-DoZEWZie.js:41:70323)
    at Lr (https://medicaid.live/assets/index-DoZEWZie.js:41:70323)
    at Lr (https://medicaid.live/assets/index-DoZEWZie.js:41:70323)
    at Lr (https://medicaid.live/assets/index-DoZEWZie.js:41:70323)
    at Lr (https://medicaid.live/assets/index-DoZEWZie.js:41:70323)
