[      40ms] [INFO] %cDownload the React DevTools for a better development experience: https://reactjs.org/link/react-devtools font-weight:bold @ http://localhost:5173/node_modules/.vite/deps/chunk-NGODP64W.js?v=91f231ea:21550
[    1205ms] [ERROR] Warning: Encountered two children with the same key, `%s`. Keys should be unique so that components maintain their identity across updates. Non-unique keys may cause children to be duplicated and/or omitted — the behavior is unsupported and could change in a future version.%s Other 
    at svg
    at div
    at div
    at CompactDonutBreakdown (http://localhost:5173/src/components/charts/CompactDonutBreakdown.jsx:60:3)
    at div
    at div
    at section
    at DashboardPage (http://localhost:5173/src/pages/DashboardPage.jsx?t=1775301574968:25:41)
    at main
    at div
    at App (http://localhost:5173/src/App.jsx?t=1775305467634:52:27) @ http://localhost:5173/node_modules/.vite/deps/chunk-NGODP64W.js?v=91f231ea:520
[    1205ms] [ERROR] Warning: Encountered two children with the same key, `%s`. Keys should be unique so that components maintain their identity across updates. Non-unique keys may cause children to be duplicated and/or omitted — the behavior is unsupported and could change in a future version.%s Other 
    at div
    at div
    at CompactDonutBreakdown (http://localhost:5173/src/components/charts/CompactDonutBreakdown.jsx:60:3)
    at div
    at div
    at section
    at DashboardPage (http://localhost:5173/src/pages/DashboardPage.jsx?t=1775301574968:25:41)
    at main
    at div
    at App (http://localhost:5173/src/App.jsx?t=1775305467634:52:27) @ http://localhost:5173/node_modules/.vite/deps/chunk-NGODP64W.js?v=91f231ea:520
[    1206ms] [ERROR] Warning: Encountered two children with the same key, `%s`. Keys should be unique so that components maintain their identity across updates. Non-unique keys may cause children to be duplicated and/or omitted — the behavior is unsupported and could change in a future version.%s Other 
    at svg
    at div
    at TreemapBreakdown (http://localhost:5173/src/components/charts/TreemapBreakdown.jsx?t=1775301574968:85:44)
    at div
    at div
    at section
    at DashboardPage (http://localhost:5173/src/pages/DashboardPage.jsx?t=1775301574968:25:41)
    at main
    at div
    at App (http://localhost:5173/src/App.jsx?t=1775305467634:52:27) @ http://localhost:5173/node_modules/.vite/deps/chunk-NGODP64W.js?v=91f231ea:520
[    1359ms] [ERROR] Warning: Encountered two children with the same key, `%s`. Keys should be unique so that components maintain their identity across updates. Non-unique keys may cause children to be duplicated and/or omitted — the behavior is unsupported and could change in a future version.%s Other 
    at svg
    at div
    at div
    at CompactDonutBreakdown (http://localhost:5173/src/components/charts/CompactDonutBreakdown.jsx:60:3)
    at div
    at div
    at section
    at DashboardPage (http://localhost:5173/src/pages/DashboardPage.jsx?t=1775301574968:25:41)
    at main
    at div
    at App (http://localhost:5173/src/App.jsx?t=1775305467634:52:27) @ http://localhost:5173/node_modules/.vite/deps/chunk-NGODP64W.js?v=91f231ea:520
[    1359ms] [ERROR] Warning: Encountered two children with the same key, `%s`. Keys should be unique so that components maintain their identity across updates. Non-unique keys may cause children to be duplicated and/or omitted — the behavior is unsupported and could change in a future version.%s Other 
    at div
    at div
    at CompactDonutBreakdown (http://localhost:5173/src/components/charts/CompactDonutBreakdown.jsx:60:3)
    at div
    at div
    at section
    at DashboardPage (http://localhost:5173/src/pages/DashboardPage.jsx?t=1775301574968:25:41)
    at main
    at div
    at App (http://localhost:5173/src/App.jsx?t=1775305467634:52:27) @ http://localhost:5173/node_modules/.vite/deps/chunk-NGODP64W.js?v=91f231ea:520
[    1360ms] [ERROR] Warning: Encountered two children with the same key, `%s`. Keys should be unique so that components maintain their identity across updates. Non-unique keys may cause children to be duplicated and/or omitted — the behavior is unsupported and could change in a future version.%s Other 
    at svg
    at div
    at TreemapBreakdown (http://localhost:5173/src/components/charts/TreemapBreakdown.jsx?t=1775301574968:85:44)
    at div
    at div
    at section
    at DashboardPage (http://localhost:5173/src/pages/DashboardPage.jsx?t=1775301574968:25:41)
    at main
    at div
    at App (http://localhost:5173/src/App.jsx?t=1775305467634:52:27) @ http://localhost:5173/node_modules/.vite/deps/chunk-NGODP64W.js?v=91f231ea:520
[    1365ms] [ERROR] Warning: Encountered two children with the same key, `%s`. Keys should be unique so that components maintain their identity across updates. Non-unique keys may cause children to be duplicated and/or omitted — the behavior is unsupported and could change in a future version.%s Other 
    at svg
    at div
    at div
    at CompactDonutBreakdown (http://localhost:5173/src/components/charts/CompactDonutBreakdown.jsx:60:3)
    at div
    at div
    at section
    at DashboardPage (http://localhost:5173/src/pages/DashboardPage.jsx?t=1775301574968:25:41)
    at main
    at div
    at App (http://localhost:5173/src/App.jsx?t=1775305467634:52:27) @ http://localhost:5173/node_modules/.vite/deps/chunk-NGODP64W.js?v=91f231ea:520
[    1365ms] [ERROR] Warning: Encountered two children with the same key, `%s`. Keys should be unique so that components maintain their identity across updates. Non-unique keys may cause children to be duplicated and/or omitted — the behavior is unsupported and could change in a future version.%s Other 
    at div
    at div
    at CompactDonutBreakdown (http://localhost:5173/src/components/charts/CompactDonutBreakdown.jsx:60:3)
    at div
    at div
    at section
    at DashboardPage (http://localhost:5173/src/pages/DashboardPage.jsx?t=1775301574968:25:41)
    at main
    at div
    at App (http://localhost:5173/src/App.jsx?t=1775305467634:52:27) @ http://localhost:5173/node_modules/.vite/deps/chunk-NGODP64W.js?v=91f231ea:520
[    1365ms] [ERROR] Warning: Encountered two children with the same key, `%s`. Keys should be unique so that components maintain their identity across updates. Non-unique keys may cause children to be duplicated and/or omitted — the behavior is unsupported and could change in a future version.%s Other 
    at svg
    at div
    at TreemapBreakdown (http://localhost:5173/src/components/charts/TreemapBreakdown.jsx?t=1775301574968:85:44)
    at div
    at div
    at section
    at DashboardPage (http://localhost:5173/src/pages/DashboardPage.jsx?t=1775301574968:25:41)
    at main
    at div
    at App (http://localhost:5173/src/App.jsx?t=1775305467634:52:27) @ http://localhost:5173/node_modules/.vite/deps/chunk-NGODP64W.js?v=91f231ea:520
[    1542ms] [ERROR] Warning: Encountered two children with the same key, `%s`. Keys should be unique so that components maintain their identity across updates. Non-unique keys may cause children to be duplicated and/or omitted — the behavior is unsupported and could change in a future version.%s Other 
    at svg
    at div
    at div
    at CompactDonutBreakdown (http://localhost:5173/src/components/charts/CompactDonutBreakdown.jsx:60:3)
    at div
    at div
    at section
    at DashboardPage (http://localhost:5173/src/pages/DashboardPage.jsx?t=1775301574968:25:41)
    at main
    at div
    at App (http://localhost:5173/src/App.jsx?t=1775305467634:52:27) @ http://localhost:5173/node_modules/.vite/deps/chunk-NGODP64W.js?v=91f231ea:520
[    1542ms] [ERROR] Warning: Encountered two children with the same key, `%s`. Keys should be unique so that components maintain their identity across updates. Non-unique keys may cause children to be duplicated and/or omitted — the behavior is unsupported and could change in a future version.%s Other 
    at div
    at div
    at CompactDonutBreakdown (http://localhost:5173/src/components/charts/CompactDonutBreakdown.jsx:60:3)
    at div
    at div
    at section
    at DashboardPage (http://localhost:5173/src/pages/DashboardPage.jsx?t=1775301574968:25:41)
    at main
    at div
    at App (http://localhost:5173/src/App.jsx?t=1775305467634:52:27) @ http://localhost:5173/node_modules/.vite/deps/chunk-NGODP64W.js?v=91f231ea:520
[    1543ms] [ERROR] Warning: Encountered two children with the same key, `%s`. Keys should be unique so that components maintain their identity across updates. Non-unique keys may cause children to be duplicated and/or omitted — the behavior is unsupported and could change in a future version.%s Other 
    at svg
    at div
    at TreemapBreakdown (http://localhost:5173/src/components/charts/TreemapBreakdown.jsx?t=1775301574968:85:44)
    at div
    at div
    at section
    at DashboardPage (http://localhost:5173/src/pages/DashboardPage.jsx?t=1775301574968:25:41)
    at main
    at div
    at App (http://localhost:5173/src/App.jsx?t=1775305467634:52:27) @ http://localhost:5173/node_modules/.vite/deps/chunk-NGODP64W.js?v=91f231ea:520
[    1550ms] [ERROR] Warning: Encountered two children with the same key, `%s`. Keys should be unique so that components maintain their identity across updates. Non-unique keys may cause children to be duplicated and/or omitted — the behavior is unsupported and could change in a future version.%s Other 
    at svg
    at div
    at div
    at CompactDonutBreakdown (http://localhost:5173/src/components/charts/CompactDonutBreakdown.jsx:60:3)
    at div
    at div
    at section
    at DashboardPage (http://localhost:5173/src/pages/DashboardPage.jsx?t=1775301574968:25:41)
    at main
    at div
    at App (http://localhost:5173/src/App.jsx?t=1775305467634:52:27) @ http://localhost:5173/node_modules/.vite/deps/chunk-NGODP64W.js?v=91f231ea:520
[    1551ms] [ERROR] Warning: Encountered two children with the same key, `%s`. Keys should be unique so that components maintain their identity across updates. Non-unique keys may cause children to be duplicated and/or omitted — the behavior is unsupported and could change in a future version.%s Other 
    at div
    at div
    at CompactDonutBreakdown (http://localhost:5173/src/components/charts/CompactDonutBreakdown.jsx:60:3)
    at div
    at div
    at section
    at DashboardPage (http://localhost:5173/src/pages/DashboardPage.jsx?t=1775301574968:25:41)
    at main
    at div
    at App (http://localhost:5173/src/App.jsx?t=1775305467634:52:27) @ http://localhost:5173/node_modules/.vite/deps/chunk-NGODP64W.js?v=91f231ea:520
[    1551ms] [ERROR] Warning: Encountered two children with the same key, `%s`. Keys should be unique so that components maintain their identity across updates. Non-unique keys may cause children to be duplicated and/or omitted — the behavior is unsupported and could change in a future version.%s Other 
    at svg
    at div
    at TreemapBreakdown (http://localhost:5173/src/components/charts/TreemapBreakdown.jsx?t=1775301574968:85:44)
    at div
    at div
    at section
    at DashboardPage (http://localhost:5173/src/pages/DashboardPage.jsx?t=1775301574968:25:41)
    at main
    at div
    at App (http://localhost:5173/src/App.jsx?t=1775305467634:52:27) @ http://localhost:5173/node_modules/.vite/deps/chunk-NGODP64W.js?v=91f231ea:520
[    1571ms] [ERROR] Warning: Encountered two children with the same key, `%s`. Keys should be unique so that components maintain their identity across updates. Non-unique keys may cause children to be duplicated and/or omitted — the behavior is unsupported and could change in a future version.%s Other 
    at svg
    at div
    at div
    at CompactDonutBreakdown (http://localhost:5173/src/components/charts/CompactDonutBreakdown.jsx:60:3)
    at div
    at div
    at section
    at DashboardPage (http://localhost:5173/src/pages/DashboardPage.jsx?t=1775301574968:25:41)
    at main
    at div
    at App (http://localhost:5173/src/App.jsx?t=1775305467634:52:27) @ http://localhost:5173/node_modules/.vite/deps/chunk-NGODP64W.js?v=91f231ea:520
[    1571ms] [ERROR] Warning: Encountered two children with the same key, `%s`. Keys should be unique so that components maintain their identity across updates. Non-unique keys may cause children to be duplicated and/or omitted — the behavior is unsupported and could change in a future version.%s Other 
    at div
    at div
    at CompactDonutBreakdown (http://localhost:5173/src/components/charts/CompactDonutBreakdown.jsx:60:3)
    at div
    at div
    at section
    at DashboardPage (http://localhost:5173/src/pages/DashboardPage.jsx?t=1775301574968:25:41)
    at main
    at div
    at App (http://localhost:5173/src/App.jsx?t=1775305467634:52:27) @ http://localhost:5173/node_modules/.vite/deps/chunk-NGODP64W.js?v=91f231ea:520
[    1571ms] [ERROR] Warning: Encountered two children with the same key, `%s`. Keys should be unique so that components maintain their identity across updates. Non-unique keys may cause children to be duplicated and/or omitted — the behavior is unsupported and could change in a future version.%s Other 
    at svg
    at div
    at TreemapBreakdown (http://localhost:5173/src/components/charts/TreemapBreakdown.jsx?t=1775301574968:85:44)
    at div
    at div
    at section
    at DashboardPage (http://localhost:5173/src/pages/DashboardPage.jsx?t=1775301574968:25:41)
    at main
    at div
    at App (http://localhost:5173/src/App.jsx?t=1775305467634:52:27) @ http://localhost:5173/node_modules/.vite/deps/chunk-NGODP64W.js?v=91f231ea:520
[   15050ms] [ERROR] Warning: Encountered two children with the same key, `%s`. Keys should be unique so that components maintain their identity across updates. Non-unique keys may cause children to be duplicated and/or omitted — the behavior is unsupported and could change in a future version.%s Other 
    at svg
    at div
    at div
    at CompactDonutBreakdown (http://localhost:5173/src/components/charts/CompactDonutBreakdown.jsx:60:3)
    at div
    at div
    at section
    at DashboardPage (http://localhost:5173/src/pages/DashboardPage.jsx?t=1775301574968:25:41)
    at main
    at div
    at App (http://localhost:5173/src/App.jsx?t=1775305467634:52:27) @ http://localhost:5173/node_modules/.vite/deps/chunk-NGODP64W.js?v=91f231ea:520
[   15050ms] [ERROR] Warning: Encountered two children with the same key, `%s`. Keys should be unique so that components maintain their identity across updates. Non-unique keys may cause children to be duplicated and/or omitted — the behavior is unsupported and could change in a future version.%s Other 
    at div
    at div
    at CompactDonutBreakdown (http://localhost:5173/src/components/charts/CompactDonutBreakdown.jsx:60:3)
    at div
    at div
    at section
    at DashboardPage (http://localhost:5173/src/pages/DashboardPage.jsx?t=1775301574968:25:41)
    at main
    at div
    at App (http://localhost:5173/src/App.jsx?t=1775305467634:52:27) @ http://localhost:5173/node_modules/.vite/deps/chunk-NGODP64W.js?v=91f231ea:520
[   15050ms] [ERROR] Warning: Encountered two children with the same key, `%s`. Keys should be unique so that components maintain their identity across updates. Non-unique keys may cause children to be duplicated and/or omitted — the behavior is unsupported and could change in a future version.%s Other 
    at svg
    at div
    at TreemapBreakdown (http://localhost:5173/src/components/charts/TreemapBreakdown.jsx?t=1775301574968:85:44)
    at div
    at div
    at section
    at DashboardPage (http://localhost:5173/src/pages/DashboardPage.jsx?t=1775301574968:25:41)
    at main
    at div
    at App (http://localhost:5173/src/App.jsx?t=1775305467634:52:27) @ http://localhost:5173/node_modules/.vite/deps/chunk-NGODP64W.js?v=91f231ea:520
[   30047ms] [ERROR] Warning: Encountered two children with the same key, `%s`. Keys should be unique so that components maintain their identity across updates. Non-unique keys may cause children to be duplicated and/or omitted — the behavior is unsupported and could change in a future version.%s Other 
    at svg
    at div
    at div
    at CompactDonutBreakdown (http://localhost:5173/src/components/charts/CompactDonutBreakdown.jsx:60:3)
    at div
    at div
    at section
    at DashboardPage (http://localhost:5173/src/pages/DashboardPage.jsx?t=1775301574968:25:41)
    at main
    at div
    at App (http://localhost:5173/src/App.jsx?t=1775305467634:52:27) @ http://localhost:5173/node_modules/.vite/deps/chunk-NGODP64W.js?v=91f231ea:520
[   30047ms] [ERROR] Warning: Encountered two children with the same key, `%s`. Keys should be unique so that components maintain their identity across updates. Non-unique keys may cause children to be duplicated and/or omitted — the behavior is unsupported and could change in a future version.%s Other 
    at div
    at div
    at CompactDonutBreakdown (http://localhost:5173/src/components/charts/CompactDonutBreakdown.jsx:60:3)
    at div
    at div
    at section
    at DashboardPage (http://localhost:5173/src/pages/DashboardPage.jsx?t=1775301574968:25:41)
    at main
    at div
    at App (http://localhost:5173/src/App.jsx?t=1775305467634:52:27) @ http://localhost:5173/node_modules/.vite/deps/chunk-NGODP64W.js?v=91f231ea:520
[   30047ms] [ERROR] Warning: Encountered two children with the same key, `%s`. Keys should be unique so that components maintain their identity across updates. Non-unique keys may cause children to be duplicated and/or omitted — the behavior is unsupported and could change in a future version.%s Other 
    at svg
    at div
    at TreemapBreakdown (http://localhost:5173/src/components/charts/TreemapBreakdown.jsx?t=1775301574968:85:44)
    at div
    at div
    at section
    at DashboardPage (http://localhost:5173/src/pages/DashboardPage.jsx?t=1775301574968:25:41)
    at main
    at div
    at App (http://localhost:5173/src/App.jsx?t=1775305467634:52:27) @ http://localhost:5173/node_modules/.vite/deps/chunk-NGODP64W.js?v=91f231ea:520
