[    7753ms] [ERROR] RangeError: Maximum call stack size exceeded
    at https://medicaid.live/assets/index-DoZEWZie.js:1:1
    at Array.reduce (<anonymous>)
    at Lr (https://medicaid.live/assets/index-DoZEWZie.js:1:1)
    at Lr (https://medicaid.live/assets/index-DoZEWZie.js:1:1)
    at Lr (https://medicaid.live/assets/index-DoZEWZie.js:1:1)
    at Lr (https://medicaid.live/assets/index-DoZEWZie.js:1:1)
    at Lr (https://medicaid.live/assets/index-DoZEWZie.js:1:1)
    at Lr (https://medicaid.live/assets/index-DoZEWZie.js:1:1)
    at Lr (https://medicaid.live/assets/index-DoZEWZie.js:1:1)
    at Lr (https://medicaid.live/assets/index-DoZEWZie.js:1:1) @ https://medicaid.live/assets/index-DoZEWZie.js:40
[    7755ms] RangeError: Maximum call stack size exceeded
    at https://medicaid.live/assets/index-DoZEWZie.js:1:1
    at Array.reduce (<anonymous>)
    at Lr (https://medicaid.live/assets/index-DoZEWZie.js:1:1)
    at Lr (https://medicaid.live/assets/index-DoZEWZie.js:1:1)
    at Lr (https://medicaid.live/assets/index-DoZEWZie.js:1:1)
    at Lr (https://medicaid.live/assets/index-DoZEWZie.js:1:1)
    at Lr (https://medicaid.live/assets/index-DoZEWZie.js:1:1)
    at Lr (https://medicaid.live/assets/index-DoZEWZie.js:1:1)
    at Lr (https://medicaid.live/assets/index-DoZEWZie.js:1:1)
    at Lr (https://medicaid.live/assets/index-DoZEWZie.js:1:1)
[    9319ms] [ERROR] RangeError: Maximum call stack size exceeded
    at https://medicaid.live/assets/index-DoZEWZie.js:1:1
    at Array.reduce (<anonymous>)
    at Lr (https://medicaid.live/assets/index-DoZEWZie.js:1:1)
    at Lr (https://medicaid.live/assets/index-DoZEWZie.js:1:1)
    at Lr (https://medicaid.live/assets/index-DoZEWZie.js:1:1)
    at Lr (https://medicaid.live/assets/index-DoZEWZie.js:1:1)
    at Lr (https://medicaid.live/assets/index-DoZEWZie.js:1:1)
    at Lr (https://medicaid.live/assets/index-DoZEWZie.js:1:1)
    at Lr (https://medicaid.live/assets/index-DoZEWZie.js:1:1)
    at Lr (https://medicaid.live/assets/index-DoZEWZie.js:1:1) @ https://medicaid.live/assets/index-DoZEWZie.js:40
[    9321ms] RangeError: Maximum call stack size exceeded
    at https://medicaid.live/assets/index-DoZEWZie.js:1:1
    at Array.reduce (<anonymous>)
    at Lr (https://medicaid.live/assets/index-DoZEWZie.js:1:1)
    at Lr (https://medicaid.live/assets/index-DoZEWZie.js:1:1)
    at Lr (https://medicaid.live/assets/index-DoZEWZie.js:1:1)
    at Lr (https://medicaid.live/assets/index-DoZEWZie.js:1:1)
    at Lr (https://medicaid.live/assets/index-DoZEWZie.js:1:1)
    at Lr (https://medicaid.live/assets/index-DoZEWZie.js:1:1)
    at Lr (https://medicaid.live/assets/index-DoZEWZie.js:1:1)
    at Lr (https://medicaid.live/assets/index-DoZEWZie.js:1:1)
